<?xml version="1.0" encoding="utf-8"?>
<TestRun id="fcfe2b15-2efc-473c-8511-f4a62346360f" name="MWhited@LW-18560 2023-09-28 23:16:45" runUser="EGI\MWhited" xmlns="http://microsoft.com/schemas/VisualStudio/TeamTest/2010">
  <Times creation="2023-09-28T23:16:45.9785741-04:00" queuing="2023-09-28T23:16:45.9785741-04:00" start="2023-09-28T23:16:37.1992677-04:00" finish="2023-09-28T23:16:53.4854795-04:00" />
  <TestSettings name="default" id="72247cea-03a0-4d8a-9844-825d1332b801">
    <Deployment runDeploymentRoot="MWhited_LW-18560_2023-09-28_23_16_45" />
  </TestSettings>
  <Results>
    <UnitTestResult executionId="1328a345-75dd-4b2d-bd0e-24537e2fa3b3" testId="429bea00-ef23-00e4-9d59-b93408bb216b" testName="VisitTest_EqualOperator (Hello,HELLO,True)" computerName="LW-18560" duration="00:00:00.0010644" startTime="2023-09-28T23:16:51.9102652-04:00" endTime="2023-09-28T23:16:51.9118858-04:00" testType="13cdc9d9-ddb5-4fa4-a97d-d965ccfc6d4b" outcome="Passed" testListId="8c84fa94-04c1-424b-9868-57a2d4851a1d" relativeResultsDirectory="1328a345-75dd-4b2d-bd0e-24537e2fa3b3">
      <Output>
        <StdOut>TestContext Messages:&#xD;
expression: e =&gt; (e == value(Eliassen.System.Tests.Linq.Expressions.StringComparisonReplacementExpressionVisitorTests+&lt;&gt;c__DisplayClass4_0).matched)&#xD;
visited: e =&gt; e.Equals(value(Eliassen.System.Tests.Linq.Expressions.StringComparisonReplacementExpressionVisitorTests+&lt;&gt;c__DisplayClass4_0).matched, CurrentCultureIgnoreCase)</StdOut>
      </Output>
    </UnitTestResult>
    <UnitTestResult executionId="1932095b-b01a-4584-b136-cec499920cb5" testId="c86604a7-3189-2888-7dab-1b8a123dc076" testName="ToEnumTest (4,WithEnumValue)" computerName="LW-18560" duration="00:00:00.0000440" startTime="2023-09-28T23:16:52.1076712-04:00" endTime="2023-09-28T23:16:52.1083858-04:00" testType="13cdc9d9-ddb5-4fa4-a97d-d965ccfc6d4b" outcome="Passed" testListId="8c84fa94-04c1-424b-9868-57a2d4851a1d" relativeResultsDirectory="1932095b-b01a-4584-b136-cec499920cb5" />
    <UnitTestResult executionId="38201b66-5ffc-45e1-9fdd-f43935eba18a" testId="7fd160bc-3b5b-e6e2-40ae-1974536260f2" testName="TryParseTest (System.AttributeTargets,Enum,True,Enum)" computerName="LW-18560" duration="00:00:00.0000387" startTime="2023-09-28T23:16:52.2636534-04:00" endTime="2023-09-28T23:16:52.2868739-04:00" testType="13cdc9d9-ddb5-4fa4-a97d-d965ccfc6d4b" outcome="Passed" testListId="8c84fa94-04c1-424b-9868-57a2d4851a1d" relativeResultsDirectory="38201b66-5ffc-45e1-9fdd-f43935eba18a" />
    <UnitTestResult executionId="5adb06e6-5b31-4a09-97f8-9546f9dda60b" testId="deef7ad8-cc1d-09cf-900c-db623c3eb404" testName="VisitTest_EndsWith (Hello,LO,True)" computerName="LW-18560" duration="00:00:00.0015637" startTime="2023-09-28T23:16:51.8827434-04:00" endTime="2023-09-28T23:16:51.8851110-04:00" testType="13cdc9d9-ddb5-4fa4-a97d-d965ccfc6d4b" outcome="Passed" testListId="8c84fa94-04c1-424b-9868-57a2d4851a1d" relativeResultsDirectory="5adb06e6-5b31-4a09-97f8-9546f9dda60b">
      <Output>
        <StdOut>Eliassen.System.Internal.ConsoleLogger`1[Eliassen.System.Linq.Expressions.StringComparisonReplacementExpressionVisitor]:Debug:&gt;&#xD;
	Replace: e.EndsWith(value(Eliassen.System.Tests.Linq.Expressions.StringComparisonReplacementExpressionVisitorTests+&lt;&gt;c__DisplayClass8_0).matched) with e.EndsWith(value(Eliassen.System.Tests.Linq.Expressions.StringComparisonReplacementExpressionVisitorTests+&lt;&gt;c__DisplayClass8_0).matched, CurrentCultureIgnoreCase)&#xD;
&#xD;
&#xD;
&#xD;
TestContext Messages:&#xD;
expression: e =&gt; e.EndsWith(value(Eliassen.System.Tests.Linq.Expressions.StringComparisonReplacementExpressionVisitorTests+&lt;&gt;c__DisplayClass8_0).matched)&#xD;
visited: e =&gt; e.EndsWith(value(Eliassen.System.Tests.Linq.Expressions.StringComparisonReplacementExpressionVisitorTests+&lt;&gt;c__DisplayClass8_0).matched, CurrentCultureIgnoreCase)</StdOut>
      </Output>
    </UnitTestResult>
    <UnitTestResult executionId="2426d9a6-8f58-444c-9ead-d7ac008234a7" testId="7fd160bc-3b5b-e6e2-40ae-1974536260f2" testName="TryParseTest (System.Nullable`1[System.Int32],nope,False,)" computerName="LW-18560" duration="00:00:00.0002597" startTime="2023-09-28T23:16:52.2636534-04:00" endTime="2023-09-28T23:16:52.2868739-04:00" testType="13cdc9d9-ddb5-4fa4-a97d-d965ccfc6d4b" outcome="Passed" testListId="8c84fa94-04c1-424b-9868-57a2d4851a1d" relativeResultsDirectory="2426d9a6-8f58-444c-9ead-d7ac008234a7" />
    <UnitTestResult executionId="fc2e9ae6-612c-489f-a4d9-90c5e2452c9c" testId="e350703c-47df-56f0-b995-a52c38b53eca" testName="MakeSafeTest (System.Nullable`1[System.Decimal],nope,)" computerName="LW-18560" duration="00:00:00.0004222" startTime="2023-09-28T23:16:52.1839307-04:00" endTime="2023-09-28T23:16:52.2245807-04:00" testType="13cdc9d9-ddb5-4fa4-a97d-d965ccfc6d4b" outcome="Passed" testListId="8c84fa94-04c1-424b-9868-57a2d4851a1d" relativeResultsDirectory="fc2e9ae6-612c-489f-a4d9-90c5e2452c9c" />
    <UnitTestResult executionId="47bda760-f4f0-475c-bd0e-ab0c4d8cc76c" testId="b6498f29-1231-5fcf-4954-1746daa0500d" testName="ExecuteByTest_Filter (Eliassen.System.Tests.Linq.TestTargets.TestTargetModel,Name,NotEqualTo,,10,0,1,2,3,4,5,6,7,8,9)" computerName="LW-18560" duration="00:00:00.0558699" startTime="2023-09-28T23:16:45.6334967-04:00" endTime="2023-09-28T23:16:50.4977563-04:00" testType="13cdc9d9-ddb5-4fa4-a97d-d965ccfc6d4b" outcome="Passed" testListId="8c84fa94-04c1-424b-9868-57a2d4851a1d" relativeResultsDirectory="47bda760-f4f0-475c-bd0e-ab0c4d8cc76c">
      <Output>
        <StdOut>Eliassen.System.Internal.ConsoleLogger`1[Eliassen.System.Linq.Search.QueryBuilder]:Information:&gt;&#xD;
	Build query for CurrentPage: 0&#xD;
PageSize: 0&#xD;
ExcludePageCount: False&#xD;
SearchTerm: (null)&#xD;
	F:Name: NotEqualTo:&#xD;
&#xD;
Eliassen.System.Internal.ConsoleLogger`1[Eliassen.System.Linq.Search.QueryBuilder]:Information:&gt;&#xD;
	Execute (paged): System.Linq.Enumerable+SelectRangeIterator`1[Eliassen.System.Tests.Linq.TestTargets.TestTargetModel].Where(n =&gt; (n.Name != "")).OrderBy(_ =&gt; 0).Skip(0).Take(10)&#xD;
&#xD;
&#xD;
&#xD;
TestContext Messages:&#xD;
SearchQuery-QueryableExtensionsTests_ExecuteByTestFilter(121)-638315398101122339.json: Attached&#xD;
EnumerableQuery_1-QueryableExtensionsTests_ExecuteByTestFilter(123)-638315398101203167.json: Attached&#xD;
PagedQueryResult_1-QueryableExtensionsTests_ExecuteByTestFilter(125)-638315398101592930.json: Attached&#xD;
resultKeys: 0,1,2,3,4,5,6,7,8,9</StdOut>
        <StdErr>Eliassen.System.Internal.ConsoleLogger`1[Eliassen.System.Linq.Search.SortBuilder`1[Eliassen.System.Tests.Linq.TestTargets.TestTargetModel]]:Warning:&gt;&#xD;
	Force sort by 0 applied for Eliassen.System.Tests.Linq.TestTargets.TestTargetModel</StdErr>
      </Output>
      <ResultFiles>
        <ResultFile path="LW-18560\EnumerableQuery_1-QueryableExtensionsTests_ExecuteByTestFilter(123)-638315398101203167.json" />
        <ResultFile path="LW-18560\PagedQueryResult_1-QueryableExtensionsTests_ExecuteByTestFilter(125)-638315398101592930.json" />
        <ResultFile path="LW-18560\SearchQuery-QueryableExtensionsTests_ExecuteByTestFilter(121)-638315398101122339.json" />
      </ResultFiles>
    </UnitTestResult>
    <UnitTestResult executionId="4baf6231-557d-4f9f-a1e2-7e0c1403f5cb" testId="813de6f8-8b3e-0b13-6ab2-5efd1e438630" testName="ToEnumTest (name,name2|test name,WithEnumValue, WithMemberName, WithDisplay)" computerName="LW-18560" duration="00:00:00.0004049" startTime="2023-09-28T23:16:52.1511420-04:00" endTime="2023-09-28T23:16:52.1522396-04:00" testType="13cdc9d9-ddb5-4fa4-a97d-d965ccfc6d4b" outcome="Passed" testListId="8c84fa94-04c1-424b-9868-57a2d4851a1d" relativeResultsDirectory="4baf6231-557d-4f9f-a1e2-7e0c1403f5cb" />
    <UnitTestResult executionId="f3a6b60f-35fd-45f4-9aad-3722ac4406b8" testId="7fd160bc-3b5b-e6e2-40ae-1974536260f2" testName="TryParseTest (System.Decimal,1,True,1)" computerName="LW-18560" duration="00:00:00.0000541" startTime="2023-09-28T23:16:52.2636534-04:00" endTime="2023-09-28T23:16:52.2868739-04:00" testType="13cdc9d9-ddb5-4fa4-a97d-d965ccfc6d4b" outcome="Passed" testListId="8c84fa94-04c1-424b-9868-57a2d4851a1d" relativeResultsDirectory="f3a6b60f-35fd-45f4-9aad-3722ac4406b8" />
    <UnitTestResult executionId="d2dc9e95-c8fb-4c94-9c7a-b9dfdf961470" testId="e350703c-47df-56f0-b995-a52c38b53eca" testName="MakeSafeTest (System.Double,nope,)" computerName="LW-18560" duration="00:00:00.0006044" startTime="2023-09-28T23:16:52.1839307-04:00" endTime="2023-09-28T23:16:52.2245807-04:00" testType="13cdc9d9-ddb5-4fa4-a97d-d965ccfc6d4b" outcome="Passed" testListId="8c84fa94-04c1-424b-9868-57a2d4851a1d" relativeResultsDirectory="d2dc9e95-c8fb-4c94-9c7a-b9dfdf961470" />
    <UnitTestResult executionId="41daf358-2914-4122-8560-9941d56562fb" testId="b6498f29-1231-5fcf-4954-1746daa0500d" testName="ExecuteByTest_Filter (Eliassen.System.Tests.Linq.TestTargets.TestTargetExtendedModel,May,EqualTo,,10,0,3,6,9,12,15,18,21,24,27)" computerName="LW-18560" duration="00:00:00.0729581" startTime="2023-09-28T23:16:45.6334967-04:00" endTime="2023-09-28T23:16:50.4977563-04:00" testType="13cdc9d9-ddb5-4fa4-a97d-d965ccfc6d4b" outcome="Passed" testListId="8c84fa94-04c1-424b-9868-57a2d4851a1d" relativeResultsDirectory="41daf358-2914-4122-8560-9941d56562fb">
      <Output>
        <StdOut>Eliassen.System.Internal.ConsoleLogger`1[Eliassen.System.Linq.Search.QueryBuilder]:Information:&gt;&#xD;
	Build query for CurrentPage: 0&#xD;
PageSize: 0&#xD;
ExcludePageCount: False&#xD;
SearchTerm: (null)&#xD;
	F:May: EqualTo:&#xD;
&#xD;
Eliassen.System.Internal.ConsoleLogger`1[Eliassen.System.Linq.Search.QueryBuilder]:Information:&gt;&#xD;
	Execute (paged): System.Linq.Enumerable+SelectRangeIterator`1[Eliassen.System.Tests.Linq.TestTargets.TestTargetExtendedModel].Where(n =&gt; (n.May == "")).OrderBy(_ =&gt; 0).Skip(0).Take(10)&#xD;
&#xD;
&#xD;
&#xD;
TestContext Messages:&#xD;
SearchQuery-QueryableExtensionsTests_ExecuteByTestFilter(121)-638315398102147575.json: Attached&#xD;
EnumerableQuery_1-QueryableExtensionsTests_ExecuteByTestFilter(123)-638315398102216696.json: Attached&#xD;
PagedQueryResult_1-QueryableExtensionsTests_ExecuteByTestFilter(125)-638315398102790273.json: Attached&#xD;
resultKeys: 0,3,6,9,12,15,18,21,24,27</StdOut>
        <StdErr>Eliassen.System.Internal.ConsoleLogger`1[Eliassen.System.Linq.Search.SortBuilder`1[Eliassen.System.Tests.Linq.TestTargets.TestTargetExtendedModel]]:Warning:&gt;&#xD;
	Force sort by 0 applied for Eliassen.System.Tests.Linq.TestTargets.TestTargetExtendedModel</StdErr>
      </Output>
      <ResultFiles>
        <ResultFile path="LW-18560\EnumerableQuery_1-QueryableExtensionsTests_ExecuteByTestFilter(123)-638315398102216696.json" />
        <ResultFile path="LW-18560\PagedQueryResult_1-QueryableExtensionsTests_ExecuteByTestFilter(125)-638315398102790273.json" />
        <ResultFile path="LW-18560\SearchQuery-QueryableExtensionsTests_ExecuteByTestFilter(121)-638315398102147575.json" />
      </ResultFiles>
    </UnitTestResult>
    <UnitTestResult executionId="9fc09c46-d08d-4625-8032-3467be2e4a59" testId="b6498f29-1231-5fcf-4954-1746daa0500d" testName="ExecuteByTest_Filter (Eliassen.System.Tests.Linq.TestTargets.TestTargetExtendedModel,DateTimeOffsetNullable,LessThan,2020-03-01T01:01:01.4356493+02:00,2,0,1)" computerName="LW-18560" duration="00:00:00.0785519" startTime="2023-09-28T23:16:45.6334967-04:00" endTime="2023-09-28T23:16:50.4977563-04:00" testType="13cdc9d9-ddb5-4fa4-a97d-d965ccfc6d4b" outcome="Passed" testListId="8c84fa94-04c1-424b-9868-57a2d4851a1d" relativeResultsDirectory="9fc09c46-d08d-4625-8032-3467be2e4a59">
      <Output>
        <StdOut>Eliassen.System.Internal.ConsoleLogger`1[Eliassen.System.Linq.Search.QueryBuilder]:Information:&gt;&#xD;
	Build query for CurrentPage: 0&#xD;
PageSize: 0&#xD;
ExcludePageCount: False&#xD;
SearchTerm: (null)&#xD;
	F:DateTimeOffsetNullable: LessThan: 2020-03-01T01:01:01.4356493+02:00&#xD;
&#xD;
Eliassen.System.Internal.ConsoleLogger`1[Eliassen.System.Linq.Search.QueryBuilder]:Information:&gt;&#xD;
	Execute (paged): System.Linq.Enumerable+SelectRangeIterator`1[Eliassen.System.Tests.Linq.TestTargets.TestTargetExtendedModel].Where(n =&gt; (n.DateTimeOffsetNullable &lt; Convert(3/1/2020 1:01:01 AM +02:00, Nullable`1))).OrderBy(_ =&gt; 0).Skip(0).Take(10)&#xD;
&#xD;
&#xD;
&#xD;
TestContext Messages:&#xD;
SearchQuery-QueryableExtensionsTests_ExecuteByTestFilter(121)-638315398095842830.json: Attached&#xD;
EnumerableQuery_1-QueryableExtensionsTests_ExecuteByTestFilter(123)-638315398095917203.json: Attached&#xD;
PagedQueryResult_1-QueryableExtensionsTests_ExecuteByTestFilter(125)-638315398096525148.json: Attached&#xD;
resultKeys: 0,1</StdOut>
        <StdErr>Eliassen.System.Internal.ConsoleLogger`1[Eliassen.System.Linq.Expressions.ExpressionTreeBuilder`1[Eliassen.System.Tests.Linq.TestTargets.TestTargetExtendedModel]]:Warning:&gt;&#xD;
	2020-03-01T01:01:01.4356493+02:00 parsed to 03/01/2020 01:01:01 +02:00 (System.DateTimeOffset)&#xD;
Eliassen.System.Internal.ConsoleLogger`1[Eliassen.System.Linq.Search.SortBuilder`1[Eliassen.System.Tests.Linq.TestTargets.TestTargetExtendedModel]]:Warning:&gt;&#xD;
	Force sort by 0 applied for Eliassen.System.Tests.Linq.TestTargets.TestTargetExtendedModel</StdErr>
      </Output>
      <ResultFiles>
        <ResultFile path="LW-18560\EnumerableQuery_1-QueryableExtensionsTests_ExecuteByTestFilter(123)-638315398095917203.json" />
        <ResultFile path="LW-18560\PagedQueryResult_1-QueryableExtensionsTests_ExecuteByTestFilter(125)-638315398096525148.json" />
        <ResultFile path="LW-18560\SearchQuery-QueryableExtensionsTests_ExecuteByTestFilter(121)-638315398095842830.json" />
      </ResultFiles>
    </UnitTestResult>
    <UnitTestResult executionId="63f6c4f3-de49-42bd-8fb1-28956e4191b2" testId="b1db68ac-3861-8d24-4c33-2f9c14693ed1" testName="ToEnumTest (2,Val2)" computerName="LW-18560" duration="00:00:00.0000447" startTime="2023-09-28T23:16:52.1012037-04:00" endTime="2023-09-28T23:16:52.1018581-04:00" testType="13cdc9d9-ddb5-4fa4-a97d-d965ccfc6d4b" outcome="Passed" testListId="8c84fa94-04c1-424b-9868-57a2d4851a1d" relativeResultsDirectory="63f6c4f3-de49-42bd-8fb1-28956e4191b2" />
    <UnitTestResult executionId="914d6673-0461-442f-ab36-bfd9c8d22e6a" testId="e350703c-47df-56f0-b995-a52c38b53eca" testName="MakeSafeTest (System.Nullable`1[System.Decimal],1,1)" computerName="LW-18560" duration="00:00:00.0001002" startTime="2023-09-28T23:16:52.1839307-04:00" endTime="2023-09-28T23:16:52.2245807-04:00" testType="13cdc9d9-ddb5-4fa4-a97d-d965ccfc6d4b" outcome="Passed" testListId="8c84fa94-04c1-424b-9868-57a2d4851a1d" relativeResultsDirectory="914d6673-0461-442f-ab36-bfd9c8d22e6a" />
    <UnitTestResult executionId="b22b8342-ebe5-4089-8f7c-f4c5e20d2077" testId="a51c6a7a-75e1-0622-60c8-7222f67cd4e4" testName="DeserializeTest_Nullable ({&quot;Nullable&quot;:{&quot;$date&quot;:&quot;2023-07-05T14:16:32.2015217-04:00&quot;},&quot;Value&quot;:{&quot;$date&quot;:&quot;0001-01-01T00:00:00+00:00&quot;}},2023-07-05T14:16:32.2015217-04:00)" computerName="LW-18560" duration="00:00:00.0665996" startTime="2023-09-28T23:16:52.5599115-04:00" endTime="2023-09-28T23:16:52.6276254-04:00" testType="13cdc9d9-ddb5-4fa4-a97d-d965ccfc6d4b" outcome="Passed" testListId="8c84fa94-04c1-424b-9868-57a2d4851a1d" relativeResultsDirectory="b22b8342-ebe5-4089-8f7c-f4c5e20d2077">
      <Output>
        <StdOut>TestContext Messages:&#xD;
input-BsonDateConverterTests_DeserializeTest_Nullable(65)-638315398125627561.json: Attached&#xD;
result-BsonDateConverterTests_DeserializeTest_Nullable(67)-638315398126088344.json: Attached</StdOut>
      </Output>
      <ResultFiles>
        <ResultFile path="LW-18560\input-BsonDateConverterTests_DeserializeTest_Nullable(65)-638315398125627561.json" />
        <ResultFile path="LW-18560\result-BsonDateConverterTests_DeserializeTest_Nullable(67)-638315398126088344.json" />
      </ResultFiles>
    </UnitTestResult>
    <UnitTestResult executionId="bf412e89-b570-4376-a9e6-513a25707670" testId="8048f845-f0e3-2aaf-e086-77ba6a9e53ae" testName="ToEnumTest (Val2 ,Val1,Val1, Val2)" computerName="LW-18560" duration="00:00:00.0000709" startTime="2023-09-28T23:16:52.0772481-04:00" endTime="2023-09-28T23:16:52.0780187-04:00" testType="13cdc9d9-ddb5-4fa4-a97d-d965ccfc6d4b" outcome="Passed" testListId="8c84fa94-04c1-424b-9868-57a2d4851a1d" relativeResultsDirectory="bf412e89-b570-4376-a9e6-513a25707670" />
    <UnitTestResult executionId="5b354e58-e5bb-472e-9368-f41cbfad9b80" testId="b6498f29-1231-5fcf-4954-1746daa0500d" testName="ExecuteByTest_Filter (Eliassen.System.Tests.Linq.TestTargets.TestTargetExtendedModel,Date,GreaterThanOrEqualTo,3/1/2020,10,2,3,4,5,6,7,8,9,10,11)" computerName="LW-18560" duration="00:00:00.0767211" startTime="2023-09-28T23:16:45.6334967-04:00" endTime="2023-09-28T23:16:50.4977563-04:00" testType="13cdc9d9-ddb5-4fa4-a97d-d965ccfc6d4b" outcome="Passed" testListId="8c84fa94-04c1-424b-9868-57a2d4851a1d" relativeResultsDirectory="5b354e58-e5bb-472e-9368-f41cbfad9b80">
      <Output>
        <StdOut>Eliassen.System.Internal.ConsoleLogger`1[Eliassen.System.Linq.Search.QueryBuilder]:Information:&gt;&#xD;
	Build query for CurrentPage: 0&#xD;
PageSize: 0&#xD;
ExcludePageCount: False&#xD;
SearchTerm: (null)&#xD;
	F:Date: GreaterThanOrEqualTo: 3/1/2020&#xD;
&#xD;
Eliassen.System.Internal.ConsoleLogger`1[Eliassen.System.Linq.Search.QueryBuilder]:Information:&gt;&#xD;
	Execute (paged): System.Linq.Enumerable+SelectRangeIterator`1[Eliassen.System.Tests.Linq.TestTargets.TestTargetExtendedModel].Where(n =&gt; (n.Date &gt;= 3/1/2020 12:00:00 AM)).OrderBy(_ =&gt; 0).Skip(0).Take(10)&#xD;
&#xD;
&#xD;
&#xD;
TestContext Messages:&#xD;
SearchQuery-QueryableExtensionsTests_ExecuteByTestFilter(121)-638315398090696039.json: Attached&#xD;
EnumerableQuery_1-QueryableExtensionsTests_ExecuteByTestFilter(123)-638315398090764060.json: Attached&#xD;
PagedQueryResult_1-QueryableExtensionsTests_ExecuteByTestFilter(125)-638315398091348850.json: Attached&#xD;
resultKeys: 2,3,4,5,6,7,8,9,10,11</StdOut>
        <StdErr>Eliassen.System.Internal.ConsoleLogger`1[Eliassen.System.Linq.Expressions.ExpressionTreeBuilder`1[Eliassen.System.Tests.Linq.TestTargets.TestTargetExtendedModel]]:Warning:&gt;&#xD;
	3/1/2020 parsed to 03/01/2020 00:00:00 (System.DateTime)&#xD;
Eliassen.System.Internal.ConsoleLogger`1[Eliassen.System.Linq.Search.SortBuilder`1[Eliassen.System.Tests.Linq.TestTargets.TestTargetExtendedModel]]:Warning:&gt;&#xD;
	Force sort by 0 applied for Eliassen.System.Tests.Linq.TestTargets.TestTargetExtendedModel</StdErr>
      </Output>
      <ResultFiles>
        <ResultFile path="LW-18560\EnumerableQuery_1-QueryableExtensionsTests_ExecuteByTestFilter(123)-638315398090764060.json" />
        <ResultFile path="LW-18560\PagedQueryResult_1-QueryableExtensionsTests_ExecuteByTestFilter(125)-638315398091348850.json" />
        <ResultFile path="LW-18560\SearchQuery-QueryableExtensionsTests_ExecuteByTestFilter(121)-638315398090696039.json" />
      </ResultFiles>
    </UnitTestResult>
    <UnitTestResult executionId="18e2552b-ad40-45bc-8933-8bc78f85f0cf" testId="bb6d8621-db33-2366-8e82-a87beebdef19" testName="AddResultTest_Stream" computerName="LW-18560" duration="00:00:00.0068185" startTime="2023-09-28T23:16:45.9500196-04:00" endTime="2023-09-28T23:16:45.9572853-04:00" testType="13cdc9d9-ddb5-4fa4-a97d-d965ccfc6d4b" outcome="Passed" testListId="8c84fa94-04c1-424b-9868-57a2d4851a1d" relativeResultsDirectory="18e2552b-ad40-45bc-8933-8bc78f85f0cf">
      <Output>
        <StdOut>TestContext Messages:&#xD;
MemoryStream-TextContextExtensionsTests_AddResultTest_Stream(170)-638315398059511477.bin: Attached</StdOut>
      </Output>
      <ResultFiles>
        <ResultFile path="LW-18560\MemoryStream-TextContextExtensionsTests_AddResultTest_Stream(170)-638315398059511477.bin" />
      </ResultFiles>
    </UnitTestResult>
    <UnitTestResult executionId="6c22aaf9-13bd-486c-abf9-bf7f012e3502" testId="2f56b32e-ea97-c552-8dea-074dcb4e0dc0" testName="MakeSafeArrayTest (System.String,System.Object[],System.String[])" computerName="LW-18560" duration="00:00:00.0007193" startTime="2023-09-28T23:16:52.1658728-04:00" endTime="2023-09-28T23:16:52.1781400-04:00" testType="13cdc9d9-ddb5-4fa4-a97d-d965ccfc6d4b" outcome="Passed" testListId="8c84fa94-04c1-424b-9868-57a2d4851a1d" relativeResultsDirectory="6c22aaf9-13bd-486c-abf9-bf7f012e3502" />
    <UnitTestResult executionId="8ff794e6-9ecb-40e8-8138-ced91a6d7f0b" testId="dcab6442-3647-193e-5b50-9725bbfda52b" testName="GetFilterablePropertyNamesTest_TestTarget3Model" computerName="LW-18560" duration="00:00:00.0019844" startTime="2023-09-28T23:16:51.7281292-04:00" endTime="2023-09-28T23:16:51.7305935-04:00" testType="13cdc9d9-ddb5-4fa4-a97d-d965ccfc6d4b" outcome="Passed" testListId="8c84fa94-04c1-424b-9868-57a2d4851a1d" relativeResultsDirectory="8ff794e6-9ecb-40e8-8138-ced91a6d7f0b" />
    <UnitTestResult executionId="e688605d-be12-49ab-80f3-abc48616519e" testId="94eba969-c82f-9e81-1248-494bdd4f32c8" testName="GetSearchablePropertyNames_TestTarget3Model" computerName="LW-18560" duration="00:00:00.0027737" startTime="2023-09-28T23:16:51.7456250-04:00" endTime="2023-09-28T23:16:51.7492363-04:00" testType="13cdc9d9-ddb5-4fa4-a97d-d965ccfc6d4b" outcome="Passed" testListId="8c84fa94-04c1-424b-9868-57a2d4851a1d" relativeResultsDirectory="e688605d-be12-49ab-80f3-abc48616519e" />
    <UnitTestResult executionId="f3ee3c44-40f7-46ff-9c79-663903d1c3c8" testId="b6498f29-1231-5fcf-4954-1746daa0500d" testName="ExecuteByTest_Filter (Eliassen.System.Tests.Linq.TestTargets.TestTargetModel,Index,LessThanOrEqualTo,5,6,0,1,2,3,4,5)" computerName="LW-18560" duration="00:00:00.1324556" startTime="2023-09-28T23:16:45.6334967-04:00" endTime="2023-09-28T23:16:50.4977563-04:00" testType="13cdc9d9-ddb5-4fa4-a97d-d965ccfc6d4b" outcome="Passed" testListId="8c84fa94-04c1-424b-9868-57a2d4851a1d" relativeResultsDirectory="f3ee3c44-40f7-46ff-9c79-663903d1c3c8">
      <Output>
        <StdOut>Eliassen.System.Internal.ConsoleLogger`1[Eliassen.System.Linq.Search.QueryBuilder]:Information:&gt;&#xD;
	Build query for CurrentPage: 0&#xD;
PageSize: 0&#xD;
ExcludePageCount: False&#xD;
SearchTerm: (null)&#xD;
	F:Index: LessThanOrEqualTo: 5&#xD;
&#xD;
Eliassen.System.Internal.ConsoleLogger`1[Eliassen.System.Linq.Search.QueryBuilder]:Information:&gt;&#xD;
	Execute (paged): System.Linq.Enumerable+SelectRangeIterator`1[Eliassen.System.Tests.Linq.TestTargets.TestTargetModel].Where(n =&gt; (n.Index &lt;= 5)).OrderBy(_ =&gt; 0).Skip(0).Take(10)&#xD;
&#xD;
&#xD;
&#xD;
TestContext Messages:&#xD;
SearchQuery-QueryableExtensionsTests_ExecuteByTestFilter(121)-638315398077399500.json: Attached&#xD;
EnumerableQuery_1-QueryableExtensionsTests_ExecuteByTestFilter(123)-638315398077538927.json: Attached&#xD;
PagedQueryResult_1-QueryableExtensionsTests_ExecuteByTestFilter(125)-638315398078564033.json: Attached&#xD;
resultKeys: 0,1,2,3,4,5</StdOut>
        <StdErr>Eliassen.System.Internal.ConsoleLogger`1[Eliassen.System.Linq.Expressions.ExpressionTreeBuilder`1[Eliassen.System.Tests.Linq.TestTargets.TestTargetModel]]:Warning:&gt;&#xD;
	5 parsed to 5 (System.Int32)&#xD;
Eliassen.System.Internal.ConsoleLogger`1[Eliassen.System.Linq.Search.SortBuilder`1[Eliassen.System.Tests.Linq.TestTargets.TestTargetModel]]:Warning:&gt;&#xD;
	Force sort by 0 applied for Eliassen.System.Tests.Linq.TestTargets.TestTargetModel</StdErr>
      </Output>
      <ResultFiles>
        <ResultFile path="LW-18560\EnumerableQuery_1-QueryableExtensionsTests_ExecuteByTestFilter(123)-638315398077538927.json" />
        <ResultFile path="LW-18560\PagedQueryResult_1-QueryableExtensionsTests_ExecuteByTestFilter(125)-638315398078564033.json" />
        <ResultFile path="LW-18560\SearchQuery-QueryableExtensionsTests_ExecuteByTestFilter(121)-638315398077399500.json" />
      </ResultFiles>
    </UnitTestResult>
    <UnitTestResult executionId="d12915e0-fc0e-4e68-8d16-d74ca57bec1c" testId="7fd160bc-3b5b-e6e2-40ae-1974536260f2" testName="TryParseTest (System.Nullable`1[System.Guid],nope,False,)" computerName="LW-18560" duration="00:00:00.0003534" startTime="2023-09-28T23:16:52.2636534-04:00" endTime="2023-09-28T23:16:52.2868739-04:00" testType="13cdc9d9-ddb5-4fa4-a97d-d965ccfc6d4b" outcome="Passed" testListId="8c84fa94-04c1-424b-9868-57a2d4851a1d" relativeResultsDirectory="d12915e0-fc0e-4e68-8d16-d74ca57bec1c" />
    <UnitTestResult executionId="55ed5edc-e6ff-4cc1-a695-9f333eb5a6b6" testId="e8e1976d-7e2a-a919-30e8-284cb455d028" testName="VisitTest_Equals (,,False)" computerName="LW-18560" duration="00:00:00.0087314" startTime="2023-09-28T23:16:51.7798909-04:00" endTime="2023-09-28T23:16:51.7904994-04:00" testType="13cdc9d9-ddb5-4fa4-a97d-d965ccfc6d4b" outcome="Passed" testListId="8c84fa94-04c1-424b-9868-57a2d4851a1d" relativeResultsDirectory="55ed5edc-e6ff-4cc1-a695-9f333eb5a6b6">
      <Output>
        <StdOut>TestContext Messages:&#xD;
expression: e =&gt; e.Equals(value(Eliassen.System.Tests.Linq.Expressions.SkipInstanceMethodOnNullExpressionVisitorTests+&lt;&gt;c__DisplayClass4_0).matched)&#xD;
visited: e =&gt; ((e != null) AndAlso e.Equals(value(Eliassen.System.Tests.Linq.Expressions.SkipInstanceMethodOnNullExpressionVisitorTests+&lt;&gt;c__DisplayClass4_0).matched))&#xD;
result: False</StdOut>
      </Output>
    </UnitTestResult>
    <UnitTestResult executionId="bdcb4653-1e4b-4883-b524-db0b0de0f91b" testId="01e51d56-c992-5e2d-f6ea-cf3f1977a589" testName="GetTestDataAsyncTest_Targeted" computerName="LW-18560" duration="00:00:00.1036743" startTime="2023-09-28T23:16:47.5410318-04:00" endTime="2023-09-28T23:16:47.6657836-04:00" testType="13cdc9d9-ddb5-4fa4-a97d-d965ccfc6d4b" outcome="Passed" testListId="8c84fa94-04c1-424b-9868-57a2d4851a1d" relativeResultsDirectory="bdcb4653-1e4b-4883-b524-db0b0de0f91b" />
    <UnitTestResult executionId="4ae7585e-ad64-410f-a637-c264429a1598" testId="a111d044-0831-1b20-158f-e741b8774637" testName="ExecuteByTest_Page (0,1,1000,1000,0,1,0)" computerName="LW-18560" duration="00:00:00.0852028" startTime="2023-09-28T23:16:50.7403516-04:00" endTime="2023-09-28T23:16:50.8356445-04:00" testType="13cdc9d9-ddb5-4fa4-a97d-d965ccfc6d4b" outcome="Passed" testListId="8c84fa94-04c1-424b-9868-57a2d4851a1d" relativeResultsDirectory="4ae7585e-ad64-410f-a637-c264429a1598">
      <Output>
        <StdOut>Eliassen.System.Internal.ConsoleLogger`1[Eliassen.System.Linq.Search.QueryBuilder]:Information:&gt;&#xD;
	Build query for CurrentPage: 0&#xD;
PageSize: 1&#xD;
ExcludePageCount: False&#xD;
SearchTerm: (null)&#xD;
&#xD;
Eliassen.System.Internal.ConsoleLogger`1[Eliassen.System.Linq.Search.QueryBuilder]:Information:&gt;&#xD;
	Execute (paged): System.Linq.Enumerable+SelectRangeIterator`1[Eliassen.System.Tests.Linq.TestTargets.TestTargetModel].OrderBy(_ =&gt; 0).Skip(0).Take(1)&#xD;
&#xD;
&#xD;
&#xD;
TestContext Messages:&#xD;
SearchQuery-QueryableExtensionsTests_ExecuteByTest_Page(222)-638315398107559554.json: Attached&#xD;
EnumerableQuery_1-QueryableExtensionsTests_ExecuteByTest_Page(224)-638315398107622069.json: Attached&#xD;
PagedQueryResult_1-QueryableExtensionsTests_ExecuteByTest_Page(226)-638315398108100510.json: Attached&#xD;
resultKeys: 0</StdOut>
        <StdErr>Eliassen.System.Internal.ConsoleLogger`1[Eliassen.System.Linq.Search.QueryBuilder]:Warning:&gt;&#xD;
	No filtering detected: System.Linq.Enumerable+SelectRangeIterator`1[Eliassen.System.Tests.Linq.TestTargets.TestTargetModel]: CurrentPage: 0&#xD;
PageSize: 1&#xD;
ExcludePageCount: False&#xD;
SearchTerm: (null)&#xD;
&#xD;
Eliassen.System.Internal.ConsoleLogger`1[Eliassen.System.Linq.Search.SortBuilder`1[Eliassen.System.Tests.Linq.TestTargets.TestTargetModel]]:Warning:&gt;&#xD;
	Force sort by 0 applied for Eliassen.System.Tests.Linq.TestTargets.TestTargetModel</StdErr>
      </Output>
      <ResultFiles>
        <ResultFile path="LW-18560\EnumerableQuery_1-QueryableExtensionsTests_ExecuteByTest_Page(224)-638315398107622069.json" />
        <ResultFile path="LW-18560\PagedQueryResult_1-QueryableExtensionsTests_ExecuteByTest_Page(226)-638315398108100510.json" />
        <ResultFile path="LW-18560\SearchQuery-QueryableExtensionsTests_ExecuteByTest_Page(222)-638315398107559554.json" />
      </ResultFiles>
    </UnitTestResult>
    <UnitTestResult executionId="72b252e5-7851-4c14-aed0-08362971c702" testId="b6498f29-1231-5fcf-4954-1746daa0500d" testName="ExecuteByTest_Filter (Eliassen.System.Tests.Linq.TestTargets.TestTargetModel,Name,EqualTo,*03,9,103,203,303,403,503,603,703,803,903)" computerName="LW-18560" duration="00:00:00.1852531" startTime="2023-09-28T23:16:45.6334967-04:00" endTime="2023-09-28T23:16:50.4977563-04:00" testType="13cdc9d9-ddb5-4fa4-a97d-d965ccfc6d4b" outcome="Passed" testListId="8c84fa94-04c1-424b-9868-57a2d4851a1d" relativeResultsDirectory="72b252e5-7851-4c14-aed0-08362971c702">
      <Output>
        <StdOut>Eliassen.System.Internal.ConsoleLogger`1[Eliassen.System.Linq.Search.QueryBuilder]:Information:&gt;&#xD;
	Build query for CurrentPage: 0&#xD;
PageSize: 0&#xD;
ExcludePageCount: False&#xD;
SearchTerm: (null)&#xD;
	F:Name: EqualTo: *03&#xD;
&#xD;
Eliassen.System.Internal.ConsoleLogger`1[Eliassen.System.Linq.Search.QueryBuilder]:Information:&gt;&#xD;
	Execute (paged): System.Linq.Enumerable+SelectRangeIterator`1[Eliassen.System.Tests.Linq.TestTargets.TestTargetModel].Where(n =&gt; n.Name.EndsWith("03")).OrderBy(_ =&gt; 0).Skip(0).Take(10)&#xD;
&#xD;
&#xD;
&#xD;
TestContext Messages:&#xD;
SearchQuery-QueryableExtensionsTests_ExecuteByTestFilter(121)-638315398080373835.json: Attached&#xD;
EnumerableQuery_1-QueryableExtensionsTests_ExecuteByTestFilter(123)-638315398080434497.json: Attached&#xD;
PagedQueryResult_1-QueryableExtensionsTests_ExecuteByTestFilter(125)-638315398081744520.json: Attached&#xD;
resultKeys: 103,203,303,403,503,603,703,803,903</StdOut>
        <StdErr>Eliassen.System.Internal.ConsoleLogger`1[Eliassen.System.Linq.Search.SortBuilder`1[Eliassen.System.Tests.Linq.TestTargets.TestTargetModel]]:Warning:&gt;&#xD;
	Force sort by 0 applied for Eliassen.System.Tests.Linq.TestTargets.TestTargetModel</StdErr>
      </Output>
      <ResultFiles>
        <ResultFile path="LW-18560\EnumerableQuery_1-QueryableExtensionsTests_ExecuteByTestFilter(123)-638315398080434497.json" />
        <ResultFile path="LW-18560\PagedQueryResult_1-QueryableExtensionsTests_ExecuteByTestFilter(125)-638315398081744520.json" />
        <ResultFile path="LW-18560\SearchQuery-QueryableExtensionsTests_ExecuteByTestFilter(121)-638315398080373835.json" />
      </ResultFiles>
    </UnitTestResult>
    <UnitTestResult executionId="92d7ca26-6431-484b-adf3-4093a23de0b3" testId="f3dca1bb-5884-67f2-50ab-603f9fbc49dc" testName="GetSortablePropertyNamesTest_TestTarget2Model" computerName="LW-18560" duration="00:00:00.0087066" startTime="2023-09-28T23:16:51.7602833-04:00" endTime="2023-09-28T23:16:51.7694801-04:00" testType="13cdc9d9-ddb5-4fa4-a97d-d965ccfc6d4b" outcome="Passed" testListId="8c84fa94-04c1-424b-9868-57a2d4851a1d" relativeResultsDirectory="92d7ca26-6431-484b-adf3-4093a23de0b3" />
    <UnitTestResult executionId="0adc96e8-84f1-4306-ab89-8c77b2f21565" testId="cf24153f-de1a-65b4-4e24-cb6c2c726214" testName="ExecuteByTest_Sort (Name,Ascending,0,1,10,100,101,102,103,104,105,106)" computerName="LW-18560" duration="00:00:00.0341372" startTime="2023-09-28T23:16:51.6765490-04:00" endTime="2023-09-28T23:16:51.7119512-04:00" testType="13cdc9d9-ddb5-4fa4-a97d-d965ccfc6d4b" outcome="Passed" testListId="8c84fa94-04c1-424b-9868-57a2d4851a1d" relativeResultsDirectory="0adc96e8-84f1-4306-ab89-8c77b2f21565">
      <Output>
        <StdOut>Eliassen.System.Internal.ConsoleLogger`1[Eliassen.System.Linq.Search.QueryBuilder]:Information:&gt;&#xD;
	Build query for CurrentPage: 0&#xD;
PageSize: 0&#xD;
ExcludePageCount: False&#xD;
SearchTerm: (null)&#xD;
	S:Name: Ascending&#xD;
&#xD;
Eliassen.System.Internal.ConsoleLogger`1[Eliassen.System.Linq.Search.QueryBuilder]:Information:&gt;&#xD;
	Execute (paged): System.Linq.Enumerable+SelectRangeIterator`1[Eliassen.System.Tests.Linq.TestTargets.TestTargetModel].OrderBy(n =&gt; n.Name).Skip(0).Take(10)&#xD;
&#xD;
&#xD;
&#xD;
TestContext Messages:&#xD;
SearchQuery-QueryableExtensionsTests_ExecuteByTest_Sort(266)-638315398116770494.json: Attached&#xD;
PagedQueryResult_1-QueryableExtensionsTests_ExecuteByTest_Sort(268)-638315398117041661.json: Attached</StdOut>
        <StdErr>Eliassen.System.Internal.ConsoleLogger`1[Eliassen.System.Linq.Search.QueryBuilder]:Warning:&gt;&#xD;
	No filtering detected: System.Linq.Enumerable+SelectRangeIterator`1[Eliassen.System.Tests.Linq.TestTargets.TestTargetModel]: CurrentPage: 0&#xD;
PageSize: 0&#xD;
ExcludePageCount: False&#xD;
SearchTerm: (null)&#xD;
	S:Name: Ascending</StdErr>
      </Output>
      <ResultFiles>
        <ResultFile path="LW-18560\PagedQueryResult_1-QueryableExtensionsTests_ExecuteByTest_Sort(268)-638315398117041661.json" />
        <ResultFile path="LW-18560\SearchQuery-QueryableExtensionsTests_ExecuteByTest_Sort(266)-638315398116770494.json" />
      </ResultFiles>
    </UnitTestResult>
    <UnitTestResult executionId="d242dc01-9d1a-4750-815d-63ce1671df2e" testId="b6498f29-1231-5fcf-4954-1746daa0500d" testName="ExecuteByTest_Filter (Eliassen.System.Tests.Linq.TestTargets.TestTargetExtendedModel,Date,LessThan,2020-03-01,3,-1,0,1)" computerName="LW-18560" duration="00:00:00.0810595" startTime="2023-09-28T23:16:45.6334967-04:00" endTime="2023-09-28T23:16:50.4977563-04:00" testType="13cdc9d9-ddb5-4fa4-a97d-d965ccfc6d4b" outcome="Passed" testListId="8c84fa94-04c1-424b-9868-57a2d4851a1d" relativeResultsDirectory="d242dc01-9d1a-4750-815d-63ce1671df2e">
      <Output>
        <StdOut>Eliassen.System.Internal.ConsoleLogger`1[Eliassen.System.Linq.Search.QueryBuilder]:Information:&gt;&#xD;
	Build query for CurrentPage: 0&#xD;
PageSize: 0&#xD;
ExcludePageCount: False&#xD;
SearchTerm: (null)&#xD;
	F:Date: LessThan: 2020-03-01&#xD;
&#xD;
Eliassen.System.Internal.ConsoleLogger`1[Eliassen.System.Linq.Search.QueryBuilder]:Information:&gt;&#xD;
	Execute (paged): System.Linq.Enumerable+SelectRangeIterator`1[Eliassen.System.Tests.Linq.TestTargets.TestTargetExtendedModel].Where(n =&gt; (n.Date &lt; 3/1/2020 12:00:00 AM)).OrderBy(_ =&gt; 0).Skip(0).Take(10)&#xD;
&#xD;
&#xD;
&#xD;
TestContext Messages:&#xD;
SearchQuery-QueryableExtensionsTests_ExecuteByTestFilter(121)-638315398092409502.json: Attached&#xD;
EnumerableQuery_1-QueryableExtensionsTests_ExecuteByTestFilter(123)-638315398092548624.json: Attached&#xD;
PagedQueryResult_1-QueryableExtensionsTests_ExecuteByTestFilter(125)-638315398093143830.json: Attached&#xD;
resultKeys: -1,0,1</StdOut>
        <StdErr>Eliassen.System.Internal.ConsoleLogger`1[Eliassen.System.Linq.Expressions.ExpressionTreeBuilder`1[Eliassen.System.Tests.Linq.TestTargets.TestTargetExtendedModel]]:Warning:&gt;&#xD;
	2020-03-01 parsed to 03/01/2020 00:00:00 (System.DateTime)&#xD;
Eliassen.System.Internal.ConsoleLogger`1[Eliassen.System.Linq.Search.SortBuilder`1[Eliassen.System.Tests.Linq.TestTargets.TestTargetExtendedModel]]:Warning:&gt;&#xD;
	Force sort by 0 applied for Eliassen.System.Tests.Linq.TestTargets.TestTargetExtendedModel</StdErr>
      </Output>
      <ResultFiles>
        <ResultFile path="LW-18560\EnumerableQuery_1-QueryableExtensionsTests_ExecuteByTestFilter(123)-638315398092548624.json" />
        <ResultFile path="LW-18560\PagedQueryResult_1-QueryableExtensionsTests_ExecuteByTestFilter(125)-638315398093143830.json" />
        <ResultFile path="LW-18560\SearchQuery-QueryableExtensionsTests_ExecuteByTestFilter(121)-638315398092409502.json" />
      </ResultFiles>
    </UnitTestResult>
    <UnitTestResult executionId="ba3282d8-389a-4d06-9fd7-0da7b5e3b6ac" testId="b6498f29-1231-5fcf-4954-1746daa0500d" testName="ExecuteByTest_Filter (Eliassen.System.Tests.Linq.TestTargets.TestTargetModel,Index,LessThan,5,5,0,1,2,3,4)" computerName="LW-18560" duration="00:00:00.1761756" startTime="2023-09-28T23:16:45.6334967-04:00" endTime="2023-09-28T23:16:50.4977563-04:00" testType="13cdc9d9-ddb5-4fa4-a97d-d965ccfc6d4b" outcome="Passed" testListId="8c84fa94-04c1-424b-9868-57a2d4851a1d" relativeResultsDirectory="ba3282d8-389a-4d06-9fd7-0da7b5e3b6ac">
      <Output>
        <StdOut>Eliassen.System.Internal.ConsoleLogger`1[Eliassen.System.Linq.Search.QueryBuilder]:Information:&gt;&#xD;
	Build query for CurrentPage: 0&#xD;
PageSize: 0&#xD;
ExcludePageCount: False&#xD;
SearchTerm: (null)&#xD;
	F:Index: LessThan: 5&#xD;
&#xD;
Eliassen.System.Internal.ConsoleLogger`1[Eliassen.System.Linq.Search.QueryBuilder]:Information:&gt;&#xD;
	Execute (paged): System.Linq.Enumerable+SelectRangeIterator`1[Eliassen.System.Tests.Linq.TestTargets.TestTargetModel].Where(n =&gt; (n.Index &lt; 5)).OrderBy(_ =&gt; 0).Skip(0).Take(10)&#xD;
&#xD;
&#xD;
&#xD;
TestContext Messages:&#xD;
SearchQuery-QueryableExtensionsTests_ExecuteByTestFilter(121)-638315398074474047.json: Attached&#xD;
EnumerableQuery_1-QueryableExtensionsTests_ExecuteByTestFilter(123)-638315398074527175.json: Attached&#xD;
PagedQueryResult_1-QueryableExtensionsTests_ExecuteByTestFilter(125)-638315398075307345.json: Attached&#xD;
resultKeys: 0,1,2,3,4</StdOut>
        <StdErr>Eliassen.System.Internal.ConsoleLogger`1[Eliassen.System.Linq.Expressions.ExpressionTreeBuilder`1[Eliassen.System.Tests.Linq.TestTargets.TestTargetModel]]:Warning:&gt;&#xD;
	5 parsed to 5 (System.Int32)&#xD;
Eliassen.System.Internal.ConsoleLogger`1[Eliassen.System.Linq.Search.SortBuilder`1[Eliassen.System.Tests.Linq.TestTargets.TestTargetModel]]:Warning:&gt;&#xD;
	Force sort by 0 applied for Eliassen.System.Tests.Linq.TestTargets.TestTargetModel</StdErr>
      </Output>
      <ResultFiles>
        <ResultFile path="LW-18560\EnumerableQuery_1-QueryableExtensionsTests_ExecuteByTestFilter(123)-638315398074527175.json" />
        <ResultFile path="LW-18560\PagedQueryResult_1-QueryableExtensionsTests_ExecuteByTestFilter(125)-638315398075307345.json" />
        <ResultFile path="LW-18560\SearchQuery-QueryableExtensionsTests_ExecuteByTestFilter(121)-638315398074474047.json" />
      </ResultFiles>
    </UnitTestResult>
    <UnitTestResult executionId="f260e65a-4df2-4eb7-8a08-cffe6a1e23bf" testId="7fd160bc-3b5b-e6e2-40ae-1974536260f2" testName="TryParseTest (System.Double,1,True,1)" computerName="LW-18560" duration="00:00:00.0000415" startTime="2023-09-28T23:16:52.2636534-04:00" endTime="2023-09-28T23:16:52.2868739-04:00" testType="13cdc9d9-ddb5-4fa4-a97d-d965ccfc6d4b" outcome="Passed" testListId="8c84fa94-04c1-424b-9868-57a2d4851a1d" relativeResultsDirectory="f260e65a-4df2-4eb7-8a08-cffe6a1e23bf" />
    <UnitTestResult executionId="6ba2799f-0d7d-49d1-b153-ec9d7aa31ca5" testId="e350703c-47df-56f0-b995-a52c38b53eca" testName="MakeSafeTest (System.AttributeTargets,Enum,Enum)" computerName="LW-18560" duration="00:00:00.0000395" startTime="2023-09-28T23:16:52.1839307-04:00" endTime="2023-09-28T23:16:52.2245807-04:00" testType="13cdc9d9-ddb5-4fa4-a97d-d965ccfc6d4b" outcome="Passed" testListId="8c84fa94-04c1-424b-9868-57a2d4851a1d" relativeResultsDirectory="6ba2799f-0d7d-49d1-b153-ec9d7aa31ca5" />
    <UnitTestResult executionId="e262004e-0989-4213-92ba-02e55c70e162" testId="e350703c-47df-56f0-b995-a52c38b53eca" testName="MakeSafeTest (System.DateTimeOffset,3/16/2022 12:00:00 AM +05:00,3/16/2022 12:00:00 AM +05:00)" computerName="LW-18560" duration="00:00:00.0021422" startTime="2023-09-28T23:16:52.1839307-04:00" endTime="2023-09-28T23:16:52.2245807-04:00" testType="13cdc9d9-ddb5-4fa4-a97d-d965ccfc6d4b" outcome="Passed" testListId="8c84fa94-04c1-424b-9868-57a2d4851a1d" relativeResultsDirectory="e262004e-0989-4213-92ba-02e55c70e162" />
    <UnitTestResult executionId="05f9fbdd-4de8-4610-a233-3d55c01d758f" testId="e1df6847-9ce6-b881-a551-2425c3d4dc0a" testName="ToEnumTest (test description,WithDescription)" computerName="LW-18560" duration="00:00:00.0004848" startTime="2023-09-28T23:16:52.1296975-04:00" endTime="2023-09-28T23:16:52.1308607-04:00" testType="13cdc9d9-ddb5-4fa4-a97d-d965ccfc6d4b" outcome="Passed" testListId="8c84fa94-04c1-424b-9868-57a2d4851a1d" relativeResultsDirectory="05f9fbdd-4de8-4610-a233-3d55c01d758f" />
    <UnitTestResult executionId="d46f16f1-bc43-46fa-8f95-00c7d8d69c79" testId="befbbe40-8643-5608-343e-b1c6cbc1b0eb" testName="DeserializeTest ({&quot;_id&quot;:{&quot;$oid&quot;:&quot;Hello World&quot;}},Hello World)" computerName="LW-18560" duration="00:00:00.0249215" startTime="2023-09-28T23:16:52.7243222-04:00" endTime="2023-09-28T23:16:52.7502062-04:00" testType="13cdc9d9-ddb5-4fa4-a97d-d965ccfc6d4b" outcome="Passed" testListId="8c84fa94-04c1-424b-9868-57a2d4851a1d" relativeResultsDirectory="d46f16f1-bc43-46fa-8f95-00c7d8d69c79">
      <Output>
        <StdOut>TestContext Messages:&#xD;
input-BsonIdConverterTests_DeserializeTest(41)-638315398127264334.json: Attached&#xD;
result-BsonIdConverterTests_DeserializeTest(43)-638315398127426277.json: Attached</StdOut>
      </Output>
      <ResultFiles>
        <ResultFile path="LW-18560\input-BsonIdConverterTests_DeserializeTest(41)-638315398127264334.json" />
        <ResultFile path="LW-18560\result-BsonIdConverterTests_DeserializeTest(43)-638315398127426277.json" />
      </ResultFiles>
    </UnitTestResult>
    <UnitTestResult executionId="b2ac77e9-4c8e-4468-8627-776cdb56a40f" testId="b6498f29-1231-5fcf-4954-1746daa0500d" testName="ExecuteByTest_Filter (Eliassen.System.Tests.Linq.TestTargets.TestTargetModel,Index,LessThan,5,5,0,1,2,3,4)" computerName="LW-18560" duration="00:00:00.1153706" startTime="2023-09-28T23:16:45.6334967-04:00" endTime="2023-09-28T23:16:50.4977563-04:00" testType="13cdc9d9-ddb5-4fa4-a97d-d965ccfc6d4b" outcome="Passed" testListId="8c84fa94-04c1-424b-9868-57a2d4851a1d" relativeResultsDirectory="b2ac77e9-4c8e-4468-8627-776cdb56a40f">
      <Output>
        <StdOut>Eliassen.System.Internal.ConsoleLogger`1[Eliassen.System.Linq.Search.QueryBuilder]:Information:&gt;&#xD;
	Build query for CurrentPage: 0&#xD;
PageSize: 0&#xD;
ExcludePageCount: False&#xD;
SearchTerm: (null)&#xD;
	F:Index: LessThan: 5&#xD;
&#xD;
Eliassen.System.Internal.ConsoleLogger`1[Eliassen.System.Linq.Search.QueryBuilder]:Information:&gt;&#xD;
	Execute (paged): System.Linq.Enumerable+SelectRangeIterator`1[Eliassen.System.Tests.Linq.TestTargets.TestTargetModel].Where(n =&gt; (n.Index &lt; 5)).OrderBy(_ =&gt; 0).Skip(0).Take(10)&#xD;
&#xD;
&#xD;
&#xD;
TestContext Messages:&#xD;
SearchQuery-QueryableExtensionsTests_ExecuteByTestFilter(121)-638315398076234459.json: Attached&#xD;
EnumerableQuery_1-QueryableExtensionsTests_ExecuteByTestFilter(123)-638315398076583214.json: Attached&#xD;
PagedQueryResult_1-QueryableExtensionsTests_ExecuteByTestFilter(125)-638315398077206103.json: Attached&#xD;
resultKeys: 0,1,2,3,4</StdOut>
        <StdErr>Eliassen.System.Internal.ConsoleLogger`1[Eliassen.System.Linq.Expressions.ExpressionTreeBuilder`1[Eliassen.System.Tests.Linq.TestTargets.TestTargetModel]]:Warning:&gt;&#xD;
	5 parsed to 5 (System.Int32)&#xD;
Eliassen.System.Internal.ConsoleLogger`1[Eliassen.System.Linq.Search.SortBuilder`1[Eliassen.System.Tests.Linq.TestTargets.TestTargetModel]]:Warning:&gt;&#xD;
	Force sort by 0 applied for Eliassen.System.Tests.Linq.TestTargets.TestTargetModel</StdErr>
      </Output>
      <ResultFiles>
        <ResultFile path="LW-18560\EnumerableQuery_1-QueryableExtensionsTests_ExecuteByTestFilter(123)-638315398076583214.json" />
        <ResultFile path="LW-18560\PagedQueryResult_1-QueryableExtensionsTests_ExecuteByTestFilter(125)-638315398077206103.json" />
        <ResultFile path="LW-18560\SearchQuery-QueryableExtensionsTests_ExecuteByTestFilter(121)-638315398076234459.json" />
      </ResultFiles>
    </UnitTestResult>
    <UnitTestResult executionId="a3c273fe-de32-4912-9bd7-feb105b1e62b" testId="f5306a38-7e9d-ad71-73c6-1c694342dc21" testName="ExecuteByTest_SearchTerm (Eliassen.System.Tests.Linq.TestTargets.TestTargetModel,*e3*,12,111,10,3,30,31,32,33,34,35,36,37,38)" computerName="LW-18560" duration="00:00:00.0560910" startTime="2023-09-28T23:16:51.1178705-04:00" endTime="2023-09-28T23:16:51.5240640-04:00" testType="13cdc9d9-ddb5-4fa4-a97d-d965ccfc6d4b" outcome="Passed" testListId="8c84fa94-04c1-424b-9868-57a2d4851a1d" relativeResultsDirectory="a3c273fe-de32-4912-9bd7-feb105b1e62b">
      <Output>
        <StdOut>Eliassen.System.Internal.ConsoleLogger`1[Eliassen.System.Linq.Search.QueryBuilder]:Information:&gt;&#xD;
	Build query for SearchQuery { CurrentPage = 0, PageSize = 0, ExcludePageCount = False, SearchTerm = *e3*, Filter = System.Collections.Generic.Dictionary`2[System.String,Eliassen.System.Linq.Search.FilterParameter], OrderBy = System.Collections.Generic.Dictionary`2[System.String,Eliassen.System.Linq.Search.OrderDirections] }&#xD;
Eliassen.System.Internal.ConsoleLogger`1[Eliassen.System.Linq.Search.QueryBuilder]:Debug:&gt;&#xD;
	Visited by: Eliassen.System.Linq.Expressions.SkipInstanceMethodOnNullExpressionVisitor&#xD;
Eliassen.System.Internal.ConsoleLogger`1[Eliassen.System.Linq.Search.QueryBuilder]:Information:&gt;&#xD;
	Execute (paged): System.Linq.Enumerable+SelectRangeIterator`1[Eliassen.System.Tests.Linq.TestTargets.TestTargetModel].Where(n =&gt; (((n.Name != null) AndAlso n.Name.Contains("e3")) OrElse ((n.Email != null) AndAlso n.Email.Contains("e3")))).OrderBy(_ =&gt; 0).Skip(0).Take(10)&#xD;
&#xD;
&#xD;
&#xD;
TestContext Messages:&#xD;
SearchQuery_1-QueryableExtensionsTests_ExecuteByTestSearchTerm(192)-638315398113705681.json: Attached&#xD;
EnumerableQuery_1-QueryableExtensionsTests_ExecuteByTestSearchTerm(194)-638315398113774609.json: Attached&#xD;
PagedQueryResult_1-QueryableExtensionsTests_ExecuteByTestSearchTerm(196)-638315398114193580.json: Attached&#xD;
resultKeys: 3,30,31,32,33,34,35,36,37,38</StdOut>
        <StdErr>Eliassen.System.Internal.ConsoleLogger`1[Eliassen.System.Linq.Search.SortBuilder`1[Eliassen.System.Tests.Linq.TestTargets.TestTargetModel]]:Warning:&gt;&#xD;
	Force sort by 0 applied for Eliassen.System.Tests.Linq.TestTargets.TestTargetModel</StdErr>
      </Output>
      <ResultFiles>
        <ResultFile path="LW-18560\EnumerableQuery_1-QueryableExtensionsTests_ExecuteByTestSearchTerm(194)-638315398113774609.json" />
        <ResultFile path="LW-18560\PagedQueryResult_1-QueryableExtensionsTests_ExecuteByTestSearchTerm(196)-638315398114193580.json" />
        <ResultFile path="LW-18560\SearchQuery_1-QueryableExtensionsTests_ExecuteByTestSearchTerm(192)-638315398113705681.json" />
      </ResultFiles>
    </UnitTestResult>
    <UnitTestResult executionId="6df53195-d705-4caa-8383-1dd0ab0e6baa" testId="4f2f1fea-5ab9-35a3-8cb2-a290a1876ccc" testName="ToEnumTest (test short,WithDisplay)" computerName="LW-18560" duration="00:00:00.0004432" startTime="2023-09-28T23:16:52.1478618-04:00" endTime="2023-09-28T23:16:52.1488771-04:00" testType="13cdc9d9-ddb5-4fa4-a97d-d965ccfc6d4b" outcome="Passed" testListId="8c84fa94-04c1-424b-9868-57a2d4851a1d" relativeResultsDirectory="6df53195-d705-4caa-8383-1dd0ab0e6baa" />
    <UnitTestResult executionId="4c393021-ab7a-40fd-896f-f26152fad50b" testId="b6498f29-1231-5fcf-4954-1746daa0500d" testName="ExecuteByTest_Filter (Eliassen.System.Tests.Linq.TestTargets.TestTargetModel,Name,NotEqualTo,*e2*,10,0,1,3,4,5,6,7,8,9,10)" computerName="LW-18560" duration="00:00:00.0862295" startTime="2023-09-28T23:16:45.6334967-04:00" endTime="2023-09-28T23:16:50.4977563-04:00" testType="13cdc9d9-ddb5-4fa4-a97d-d965ccfc6d4b" outcome="Passed" testListId="8c84fa94-04c1-424b-9868-57a2d4851a1d" relativeResultsDirectory="4c393021-ab7a-40fd-896f-f26152fad50b">
      <Output>
        <StdOut>Eliassen.System.Internal.ConsoleLogger`1[Eliassen.System.Linq.Search.QueryBuilder]:Information:&gt;&#xD;
	Build query for CurrentPage: 0&#xD;
PageSize: 0&#xD;
ExcludePageCount: False&#xD;
SearchTerm: (null)&#xD;
	F:Name: NotEqualTo: *e2*&#xD;
&#xD;
Eliassen.System.Internal.ConsoleLogger`1[Eliassen.System.Linq.Search.QueryBuilder]:Information:&gt;&#xD;
	Execute (paged): System.Linq.Enumerable+SelectRangeIterator`1[Eliassen.System.Tests.Linq.TestTargets.TestTargetModel].Where(n =&gt; Not(n.Name.Contains("e2"))).OrderBy(_ =&gt; 0).Skip(0).Take(10)&#xD;
&#xD;
&#xD;
&#xD;
TestContext Messages:&#xD;
SearchQuery-QueryableExtensionsTests_ExecuteByTestFilter(121)-638315398086055941.json: Attached&#xD;
EnumerableQuery_1-QueryableExtensionsTests_ExecuteByTestFilter(123)-638315398086253224.json: Attached&#xD;
PagedQueryResult_1-QueryableExtensionsTests_ExecuteByTestFilter(125)-638315398086727275.json: Attached&#xD;
resultKeys: 0,1,3,4,5,6,7,8,9,10</StdOut>
        <StdErr>Eliassen.System.Internal.ConsoleLogger`1[Eliassen.System.Linq.Search.SortBuilder`1[Eliassen.System.Tests.Linq.TestTargets.TestTargetModel]]:Warning:&gt;&#xD;
	Force sort by 0 applied for Eliassen.System.Tests.Linq.TestTargets.TestTargetModel</StdErr>
      </Output>
      <ResultFiles>
        <ResultFile path="LW-18560\EnumerableQuery_1-QueryableExtensionsTests_ExecuteByTestFilter(123)-638315398086253224.json" />
        <ResultFile path="LW-18560\PagedQueryResult_1-QueryableExtensionsTests_ExecuteByTestFilter(125)-638315398086727275.json" />
        <ResultFile path="LW-18560\SearchQuery-QueryableExtensionsTests_ExecuteByTestFilter(121)-638315398086055941.json" />
      </ResultFiles>
    </UnitTestResult>
    <UnitTestResult executionId="abdaa872-70f1-4833-ac8f-1a3811c52d4c" testId="7fd160bc-3b5b-e6e2-40ae-1974536260f2" testName="TryParseTest (System.Int32,1,True,1)" computerName="LW-18560" duration="00:00:00.0000427" startTime="2023-09-28T23:16:52.2636534-04:00" endTime="2023-09-28T23:16:52.2868739-04:00" testType="13cdc9d9-ddb5-4fa4-a97d-d965ccfc6d4b" outcome="Passed" testListId="8c84fa94-04c1-424b-9868-57a2d4851a1d" relativeResultsDirectory="abdaa872-70f1-4833-ac8f-1a3811c52d4c" />
    <UnitTestResult executionId="5b01a41c-0574-43ae-b165-89f1137b30dc" testId="7fd160bc-3b5b-e6e2-40ae-1974536260f2" testName="TryParseTest (System.Guid,18AACB9C-2989-4322-A490-C7167BEA0DB4,True,18aacb9c-2989-4322-a490-c7167bea0db4)" computerName="LW-18560" duration="00:00:00.0045328" startTime="2023-09-28T23:16:52.2636534-04:00" endTime="2023-09-28T23:16:52.2868739-04:00" testType="13cdc9d9-ddb5-4fa4-a97d-d965ccfc6d4b" outcome="Passed" testListId="8c84fa94-04c1-424b-9868-57a2d4851a1d" relativeResultsDirectory="5b01a41c-0574-43ae-b165-89f1137b30dc" />
    <UnitTestResult executionId="31acbddc-aa73-4275-9c78-257b548971da" testId="b6498f29-1231-5fcf-4954-1746daa0500d" testName="ExecuteByTest_Filter (Eliassen.System.Tests.Linq.TestTargets.TestTargetModel,Name,EqualTo,Name3,1,3)" computerName="LW-18560" duration="00:00:00.0696193" startTime="2023-09-28T23:16:45.6334967-04:00" endTime="2023-09-28T23:16:50.4977563-04:00" testType="13cdc9d9-ddb5-4fa4-a97d-d965ccfc6d4b" outcome="Passed" testListId="8c84fa94-04c1-424b-9868-57a2d4851a1d" relativeResultsDirectory="31acbddc-aa73-4275-9c78-257b548971da">
      <Output>
        <StdOut>Eliassen.System.Internal.ConsoleLogger`1[Eliassen.System.Linq.Search.QueryBuilder]:Information:&gt;&#xD;
	Build query for CurrentPage: 0&#xD;
PageSize: 0&#xD;
ExcludePageCount: False&#xD;
SearchTerm: (null)&#xD;
	F:Name: EqualTo: Name3&#xD;
&#xD;
Eliassen.System.Internal.ConsoleLogger`1[Eliassen.System.Linq.Search.QueryBuilder]:Information:&gt;&#xD;
	Execute (paged): System.Linq.Enumerable+SelectRangeIterator`1[Eliassen.System.Tests.Linq.TestTargets.TestTargetModel].Where(n =&gt; n.Name.Equals("Name3")).OrderBy(_ =&gt; 0).Skip(0).Take(10)&#xD;
&#xD;
&#xD;
&#xD;
TestContext Messages:&#xD;
SearchQuery-QueryableExtensionsTests_ExecuteByTestFilter(121)-638315398072380287.json: Attached&#xD;
EnumerableQuery_1-QueryableExtensionsTests_ExecuteByTestFilter(123)-638315398072517776.json: Attached&#xD;
PagedQueryResult_1-QueryableExtensionsTests_ExecuteByTestFilter(125)-638315398073003773.json: Attached&#xD;
resultKeys: 3</StdOut>
        <StdErr>Eliassen.System.Internal.ConsoleLogger`1[Eliassen.System.Linq.Search.SortBuilder`1[Eliassen.System.Tests.Linq.TestTargets.TestTargetModel]]:Warning:&gt;&#xD;
	Force sort by 0 applied for Eliassen.System.Tests.Linq.TestTargets.TestTargetModel</StdErr>
      </Output>
      <ResultFiles>
        <ResultFile path="LW-18560\EnumerableQuery_1-QueryableExtensionsTests_ExecuteByTestFilter(123)-638315398072517776.json" />
        <ResultFile path="LW-18560\PagedQueryResult_1-QueryableExtensionsTests_ExecuteByTestFilter(125)-638315398073003773.json" />
        <ResultFile path="LW-18560\SearchQuery-QueryableExtensionsTests_ExecuteByTestFilter(121)-638315398072380287.json" />
      </ResultFiles>
    </UnitTestResult>
    <UnitTestResult executionId="f5d87f75-4346-4942-8197-baafc5a37769" testId="c2031dba-5c95-befc-11f3-88687b34670f" testName="ExecuteByTest_Sort (Name,Descending,999,998,997,996,995,994,993,992,991,990)" computerName="LW-18560" duration="00:00:00.0519208" startTime="2023-09-28T23:16:51.5333542-04:00" endTime="2023-09-28T23:16:51.5925304-04:00" testType="13cdc9d9-ddb5-4fa4-a97d-d965ccfc6d4b" outcome="Passed" testListId="8c84fa94-04c1-424b-9868-57a2d4851a1d" relativeResultsDirectory="f5d87f75-4346-4942-8197-baafc5a37769">
      <Output>
        <StdOut>Eliassen.System.Internal.ConsoleLogger`1[Eliassen.System.Linq.Search.QueryBuilder]:Information:&gt;&#xD;
	Build query for CurrentPage: 0&#xD;
PageSize: 0&#xD;
ExcludePageCount: False&#xD;
SearchTerm: (null)&#xD;
	S:Name: Descending&#xD;
&#xD;
Eliassen.System.Internal.ConsoleLogger`1[Eliassen.System.Linq.Search.QueryBuilder]:Information:&gt;&#xD;
	Execute (paged): System.Linq.Enumerable+SelectRangeIterator`1[Eliassen.System.Tests.Linq.TestTargets.TestTargetModel].OrderByDescending(n =&gt; n.Name).Skip(0).Take(10)&#xD;
&#xD;
&#xD;
&#xD;
TestContext Messages:&#xD;
SearchQuery-QueryableExtensionsTests_ExecuteByTest_Sort(266)-638315398115461451.json: Attached&#xD;
PagedQueryResult_1-QueryableExtensionsTests_ExecuteByTest_Sort(268)-638315398115757835.json: Attached</StdOut>
        <StdErr>Eliassen.System.Internal.ConsoleLogger`1[Eliassen.System.Linq.Search.QueryBuilder]:Warning:&gt;&#xD;
	No filtering detected: System.Linq.Enumerable+SelectRangeIterator`1[Eliassen.System.Tests.Linq.TestTargets.TestTargetModel]: CurrentPage: 0&#xD;
PageSize: 0&#xD;
ExcludePageCount: False&#xD;
SearchTerm: (null)&#xD;
	S:Name: Descending</StdErr>
      </Output>
      <ResultFiles>
        <ResultFile path="LW-18560\PagedQueryResult_1-QueryableExtensionsTests_ExecuteByTest_Sort(268)-638315398115757835.json" />
        <ResultFile path="LW-18560\SearchQuery-QueryableExtensionsTests_ExecuteByTest_Sort(266)-638315398115461451.json" />
      </ResultFiles>
    </UnitTestResult>
    <UnitTestResult executionId="14eee5ee-010e-4ded-9c13-157d91bc7ad8" testId="e350703c-47df-56f0-b995-a52c38b53eca" testName="MakeSafeTest (System.Nullable`1[System.Guid],18AACB9C-2989-4322-A490-C7167BEA0DB4,18aacb9c-2989-4322-a490-c7167bea0db4)" computerName="LW-18560" duration="00:00:00.0009447" startTime="2023-09-28T23:16:52.1839307-04:00" endTime="2023-09-28T23:16:52.2245807-04:00" testType="13cdc9d9-ddb5-4fa4-a97d-d965ccfc6d4b" outcome="Passed" testListId="8c84fa94-04c1-424b-9868-57a2d4851a1d" relativeResultsDirectory="14eee5ee-010e-4ded-9c13-157d91bc7ad8" />
    <UnitTestResult executionId="9de9ad0a-b715-4c9f-8a8e-16f17073201d" testId="bfc7f80f-e281-5816-dc57-387e099d2a10" testName="AddResultTest_Object_WithFileNameAndExtension" computerName="LW-18560" duration="00:00:00.0067380" startTime="2023-09-28T23:16:45.7765692-04:00" endTime="2023-09-28T23:16:45.7837711-04:00" testType="13cdc9d9-ddb5-4fa4-a97d-d965ccfc6d4b" outcome="Passed" testListId="8c84fa94-04c1-424b-9868-57a2d4851a1d" relativeResultsDirectory="9de9ad0a-b715-4c9f-8a8e-16f17073201d">
      <Output>
        <StdOut>TestContext Messages:&#xD;
TestFileName-TextContextExtensionsTests_AddResultTest_Object_WithFileNameAndExtension(110)-638315398057774954.txt: Attached</StdOut>
      </Output>
      <ResultFiles>
        <ResultFile path="LW-18560\TestFileName-TextContextExtensionsTests_AddResultTest_Object_WithFileNameAndExtension(110)-638315398057774954.txt" />
      </ResultFiles>
    </UnitTestResult>
    <UnitTestResult executionId="d79ee956-67f5-4b7e-b68f-95267cc9b5bb" testId="b6498f29-1231-5fcf-4954-1746daa0500d" testName="ExecuteByTest_Filter (Eliassen.System.Tests.Linq.TestTargets.TestTargetExtendedModel,Date,GreaterThan,3/1/2020,10,3,4,5,6,7,8,9,10,11,12)" computerName="LW-18560" duration="00:00:00.2768027" startTime="2023-09-28T23:16:45.6334967-04:00" endTime="2023-09-28T23:16:50.4977563-04:00" testType="13cdc9d9-ddb5-4fa4-a97d-d965ccfc6d4b" outcome="Passed" testListId="8c84fa94-04c1-424b-9868-57a2d4851a1d" relativeResultsDirectory="d79ee956-67f5-4b7e-b68f-95267cc9b5bb">
      <Output>
        <StdOut>Eliassen.System.Internal.ConsoleLogger`1[Eliassen.System.Linq.Search.QueryBuilder]:Information:&gt;&#xD;
	Build query for CurrentPage: 0&#xD;
PageSize: 0&#xD;
ExcludePageCount: False&#xD;
SearchTerm: (null)&#xD;
	F:Date: GreaterThan: 3/1/2020&#xD;
&#xD;
Eliassen.System.Internal.ConsoleLogger`1[Eliassen.System.Linq.Search.QueryBuilder]:Information:&gt;&#xD;
	Execute (paged): System.Linq.Enumerable+SelectRangeIterator`1[Eliassen.System.Tests.Linq.TestTargets.TestTargetExtendedModel].Where(n =&gt; (n.Date &gt; 3/1/2020 12:00:00 AM)).OrderBy(_ =&gt; 0).Skip(0).Take(10)&#xD;
&#xD;
&#xD;
&#xD;
TestContext Messages:&#xD;
SearchQuery-QueryableExtensionsTests_ExecuteByTestFilter(121)-638315398087916702.json: Attached&#xD;
EnumerableQuery_1-QueryableExtensionsTests_ExecuteByTestFilter(123)-638315398087979118.json: Attached&#xD;
PagedQueryResult_1-QueryableExtensionsTests_ExecuteByTestFilter(125)-638315398090368912.json: Attached&#xD;
resultKeys: 3,4,5,6,7,8,9,10,11,12</StdOut>
        <StdErr>Eliassen.System.Internal.ConsoleLogger`1[Eliassen.System.Linq.Expressions.ExpressionTreeBuilder`1[Eliassen.System.Tests.Linq.TestTargets.TestTargetExtendedModel]]:Warning:&gt;&#xD;
	3/1/2020 parsed to 03/01/2020 00:00:00 (System.DateTime)&#xD;
Eliassen.System.Internal.ConsoleLogger`1[Eliassen.System.Linq.Search.SortBuilder`1[Eliassen.System.Tests.Linq.TestTargets.TestTargetExtendedModel]]:Warning:&gt;&#xD;
	Force sort by 0 applied for Eliassen.System.Tests.Linq.TestTargets.TestTargetExtendedModel</StdErr>
      </Output>
      <ResultFiles>
        <ResultFile path="LW-18560\EnumerableQuery_1-QueryableExtensionsTests_ExecuteByTestFilter(123)-638315398087979118.json" />
        <ResultFile path="LW-18560\PagedQueryResult_1-QueryableExtensionsTests_ExecuteByTestFilter(125)-638315398090368912.json" />
        <ResultFile path="LW-18560\SearchQuery-QueryableExtensionsTests_ExecuteByTestFilter(121)-638315398087916702.json" />
      </ResultFiles>
    </UnitTestResult>
    <UnitTestResult executionId="3a7d9a4e-1832-46db-a7da-5df92dfec725" testId="7fd160bc-3b5b-e6e2-40ae-1974536260f2" testName="TryParseTest (System.Nullable`1[System.Guid],18AACB9C-2989-4322-A490-C7167BEA0DB4,True,18aacb9c-2989-4322-a490-c7167bea0db4)" computerName="LW-18560" duration="00:00:00.0010706" startTime="2023-09-28T23:16:52.2636534-04:00" endTime="2023-09-28T23:16:52.2868739-04:00" testType="13cdc9d9-ddb5-4fa4-a97d-d965ccfc6d4b" outcome="Passed" testListId="8c84fa94-04c1-424b-9868-57a2d4851a1d" relativeResultsDirectory="3a7d9a4e-1832-46db-a7da-5df92dfec725" />
    <UnitTestResult executionId="f761c983-483c-469f-bace-f88ec6d67ebd" testId="726abc2c-502d-4a5c-e2c7-073f21d793da" testName="AddResultFileTest_FileContentOutFile" computerName="LW-18560" duration="00:00:00.0081649" startTime="2023-09-28T23:16:45.5408221-04:00" endTime="2023-09-28T23:16:45.5502993-04:00" testType="13cdc9d9-ddb5-4fa4-a97d-d965ccfc6d4b" outcome="Passed" testListId="8c84fa94-04c1-424b-9868-57a2d4851a1d" relativeResultsDirectory="f761c983-483c-469f-bace-f88ec6d67ebd">
      <Output>
        <StdOut>TestContext Messages:&#xD;
D:\Repos\Nu2\NetApi\TestResults\Deploy_MWhited 20230928T231644\In\LW-18560\test-file.txt</StdOut>
      </Output>
      <ResultFiles>
        <ResultFile path="LW-18560\test-file.txt" />
      </ResultFiles>
    </UnitTestResult>
    <UnitTestResult executionId="978f6cbb-7832-407f-969e-c128191dd731" testId="e350703c-47df-56f0-b995-a52c38b53eca" testName="MakeSafeTest (System.Nullable`1[System.Int32],nope,)" computerName="LW-18560" duration="00:00:00.0004560" startTime="2023-09-28T23:16:52.1839307-04:00" endTime="2023-09-28T23:16:52.2245807-04:00" testType="13cdc9d9-ddb5-4fa4-a97d-d965ccfc6d4b" outcome="Passed" testListId="8c84fa94-04c1-424b-9868-57a2d4851a1d" relativeResultsDirectory="978f6cbb-7832-407f-969e-c128191dd731" />
    <UnitTestResult executionId="4903cca4-d7fe-4d19-8f95-474f59360cda" testId="e350703c-47df-56f0-b995-a52c38b53eca" testName="MakeSafeTest (System.DateTime,3/16/2022 12:00:00 AM,3/16/2022 12:00:00 AM)" computerName="LW-18560" duration="00:00:00.0002455" startTime="2023-09-28T23:16:52.1839307-04:00" endTime="2023-09-28T23:16:52.2245807-04:00" testType="13cdc9d9-ddb5-4fa4-a97d-d965ccfc6d4b" outcome="Passed" testListId="8c84fa94-04c1-424b-9868-57a2d4851a1d" relativeResultsDirectory="4903cca4-d7fe-4d19-8f95-474f59360cda" />
    <UnitTestResult executionId="debc18b4-c98e-4e01-aaf2-9f06c70ff46d" testId="e350703c-47df-56f0-b995-a52c38b53eca" testName="MakeSafeTest (System.Decimal,nope,)" computerName="LW-18560" duration="00:00:00.0004880" startTime="2023-09-28T23:16:52.1839307-04:00" endTime="2023-09-28T23:16:52.2245807-04:00" testType="13cdc9d9-ddb5-4fa4-a97d-d965ccfc6d4b" outcome="Passed" testListId="8c84fa94-04c1-424b-9868-57a2d4851a1d" relativeResultsDirectory="debc18b4-c98e-4e01-aaf2-9f06c70ff46d" />
    <UnitTestResult executionId="8f34d272-acbf-48c1-9110-f786014d53df" testId="b6498f29-1231-5fcf-4954-1746daa0500d" testName="ExecuteByTest_Filter (Eliassen.System.Tests.Linq.TestTargets.TestTargetExtendedModel,Date,LessThanOrEqualTo,3/1/2020,4,-1,0,1,2)" computerName="LW-18560" duration="00:00:00.0622440" startTime="2023-09-28T23:16:45.6334967-04:00" endTime="2023-09-28T23:16:50.4977563-04:00" testType="13cdc9d9-ddb5-4fa4-a97d-d965ccfc6d4b" outcome="Passed" testListId="8c84fa94-04c1-424b-9868-57a2d4851a1d" relativeResultsDirectory="8f34d272-acbf-48c1-9110-f786014d53df">
      <Output>
        <StdOut>Eliassen.System.Internal.ConsoleLogger`1[Eliassen.System.Linq.Search.QueryBuilder]:Information:&gt;&#xD;
	Build query for CurrentPage: 0&#xD;
PageSize: 0&#xD;
ExcludePageCount: False&#xD;
SearchTerm: (null)&#xD;
	F:Date: LessThanOrEqualTo: 3/1/2020&#xD;
&#xD;
Eliassen.System.Internal.ConsoleLogger`1[Eliassen.System.Linq.Search.QueryBuilder]:Information:&gt;&#xD;
	Execute (paged): System.Linq.Enumerable+SelectRangeIterator`1[Eliassen.System.Tests.Linq.TestTargets.TestTargetExtendedModel].Where(n =&gt; (n.Date &lt;= 3/1/2020 12:00:00 AM)).OrderBy(_ =&gt; 0).Skip(0).Take(10)&#xD;
&#xD;
&#xD;
&#xD;
TestContext Messages:&#xD;
SearchQuery-QueryableExtensionsTests_ExecuteByTestFilter(121)-638315398096630137.json: Attached&#xD;
EnumerableQuery_1-QueryableExtensionsTests_ExecuteByTestFilter(123)-638315398096696223.json: Attached&#xD;
PagedQueryResult_1-QueryableExtensionsTests_ExecuteByTestFilter(125)-638315398097185663.json: Attached&#xD;
resultKeys: -1,0,1,2</StdOut>
        <StdErr>Eliassen.System.Internal.ConsoleLogger`1[Eliassen.System.Linq.Expressions.ExpressionTreeBuilder`1[Eliassen.System.Tests.Linq.TestTargets.TestTargetExtendedModel]]:Warning:&gt;&#xD;
	3/1/2020 parsed to 03/01/2020 00:00:00 (System.DateTime)&#xD;
Eliassen.System.Internal.ConsoleLogger`1[Eliassen.System.Linq.Search.SortBuilder`1[Eliassen.System.Tests.Linq.TestTargets.TestTargetExtendedModel]]:Warning:&gt;&#xD;
	Force sort by 0 applied for Eliassen.System.Tests.Linq.TestTargets.TestTargetExtendedModel</StdErr>
      </Output>
      <ResultFiles>
        <ResultFile path="LW-18560\EnumerableQuery_1-QueryableExtensionsTests_ExecuteByTestFilter(123)-638315398096696223.json" />
        <ResultFile path="LW-18560\PagedQueryResult_1-QueryableExtensionsTests_ExecuteByTestFilter(125)-638315398097185663.json" />
        <ResultFile path="LW-18560\SearchQuery-QueryableExtensionsTests_ExecuteByTestFilter(121)-638315398096630137.json" />
      </ResultFiles>
    </UnitTestResult>
    <UnitTestResult executionId="d43d8cd5-963c-404b-a614-0a0723a74918" testId="6e40d08d-5283-ed81-5042-cf4b25b8a9b0" testName="AddResultTest_Object_WithFileNameAndChangeExtension" computerName="LW-18560" duration="00:00:00.0069586" startTime="2023-09-28T23:16:45.7670683-04:00" endTime="2023-09-28T23:16:45.7745062-04:00" testType="13cdc9d9-ddb5-4fa4-a97d-d965ccfc6d4b" outcome="Passed" testListId="8c84fa94-04c1-424b-9868-57a2d4851a1d" relativeResultsDirectory="d43d8cd5-963c-404b-a614-0a0723a74918">
      <Output>
        <StdOut>TestContext Messages:&#xD;
TestFileName-TextContextExtensionsTests_AddResultTest_Object_WithFileNameAndChangeExtension(130)-638315398057684438.html: Attached</StdOut>
      </Output>
      <ResultFiles>
        <ResultFile path="LW-18560\TestFileName-TextContextExtensionsTests_AddResultTest_Object_WithFileNameAndChangeExtension(130)-638315398057684438.html" />
      </ResultFiles>
    </UnitTestResult>
    <UnitTestResult executionId="c48db951-16b1-4632-848d-9eeec3aec6e7" testId="8326adff-3a83-bfdf-0f52-29a72d8ee553" testName="VisitTest_StartsWith (Hello,He,True)" computerName="LW-18560" duration="00:00:00.0011764" startTime="2023-09-28T23:16:51.9538067-04:00" endTime="2023-09-28T23:16:51.9555223-04:00" testType="13cdc9d9-ddb5-4fa4-a97d-d965ccfc6d4b" outcome="Passed" testListId="8c84fa94-04c1-424b-9868-57a2d4851a1d" relativeResultsDirectory="c48db951-16b1-4632-848d-9eeec3aec6e7">
      <Output>
        <StdOut>Eliassen.System.Internal.ConsoleLogger`1[Eliassen.System.Linq.Expressions.StringComparisonReplacementExpressionVisitor]:Debug:&gt;&#xD;
	Replace: e.StartsWith(value(Eliassen.System.Tests.Linq.Expressions.StringComparisonReplacementExpressionVisitorTests+&lt;&gt;c__DisplayClass7_0).matched) with e.StartsWith(value(Eliassen.System.Tests.Linq.Expressions.StringComparisonReplacementExpressionVisitorTests+&lt;&gt;c__DisplayClass7_0).matched, CurrentCultureIgnoreCase)&#xD;
&#xD;
&#xD;
&#xD;
TestContext Messages:&#xD;
expression: e =&gt; e.StartsWith(value(Eliassen.System.Tests.Linq.Expressions.StringComparisonReplacementExpressionVisitorTests+&lt;&gt;c__DisplayClass7_0).matched)&#xD;
visited: e =&gt; e.StartsWith(value(Eliassen.System.Tests.Linq.Expressions.StringComparisonReplacementExpressionVisitorTests+&lt;&gt;c__DisplayClass7_0).matched, CurrentCultureIgnoreCase)</StdOut>
      </Output>
    </UnitTestResult>
    <UnitTestResult executionId="f93953cb-de57-44d1-92fa-2e51a46da64f" testId="53c31e49-be7f-689b-3cd7-03a9033ae78d" testName="GetSortablePropertyNamesTest_TestTarget3Model" computerName="LW-18560" duration="00:00:00.0009660" startTime="2023-09-28T23:16:51.7725509-04:00" endTime="2023-09-28T23:16:51.7739576-04:00" testType="13cdc9d9-ddb5-4fa4-a97d-d965ccfc6d4b" outcome="Passed" testListId="8c84fa94-04c1-424b-9868-57a2d4851a1d" relativeResultsDirectory="f93953cb-de57-44d1-92fa-2e51a46da64f" />
    <UnitTestResult executionId="ffa56f60-8076-4933-baef-1b29825e14ce" testId="b6498f29-1231-5fcf-4954-1746daa0500d" testName="ExecuteByTest_Filter (Eliassen.System.Tests.Linq.TestTargets.TestTargetModel,Index,NotEqualTo,1,10,0,2,3,4,5,6,7,8,9,10)" computerName="LW-18560" duration="00:00:00.0453134" startTime="2023-09-28T23:16:45.6334967-04:00" endTime="2023-09-28T23:16:50.4977563-04:00" testType="13cdc9d9-ddb5-4fa4-a97d-d965ccfc6d4b" outcome="Passed" testListId="8c84fa94-04c1-424b-9868-57a2d4851a1d" relativeResultsDirectory="ffa56f60-8076-4933-baef-1b29825e14ce">
      <Output>
        <StdOut>Eliassen.System.Internal.ConsoleLogger`1[Eliassen.System.Linq.Search.QueryBuilder]:Information:&gt;&#xD;
	Build query for CurrentPage: 0&#xD;
PageSize: 0&#xD;
ExcludePageCount: False&#xD;
SearchTerm: (null)&#xD;
	F:Index: NotEqualTo: 1&#xD;
&#xD;
Eliassen.System.Internal.ConsoleLogger`1[Eliassen.System.Linq.Search.QueryBuilder]:Information:&gt;&#xD;
	Execute (paged): System.Linq.Enumerable+SelectRangeIterator`1[Eliassen.System.Tests.Linq.TestTargets.TestTargetModel].Where(n =&gt; (n.Index != 1)).OrderBy(_ =&gt; 0).Skip(0).Take(10)&#xD;
&#xD;
&#xD;
&#xD;
TestContext Messages:&#xD;
SearchQuery-QueryableExtensionsTests_ExecuteByTestFilter(121)-638315398087458168.json: Attached&#xD;
EnumerableQuery_1-QueryableExtensionsTests_ExecuteByTestFilter(123)-638315398087518159.json: Attached&#xD;
PagedQueryResult_1-QueryableExtensionsTests_ExecuteByTestFilter(125)-638315398087844563.json: Attached&#xD;
resultKeys: 0,2,3,4,5,6,7,8,9,10</StdOut>
        <StdErr>Eliassen.System.Internal.ConsoleLogger`1[Eliassen.System.Linq.Expressions.ExpressionTreeBuilder`1[Eliassen.System.Tests.Linq.TestTargets.TestTargetModel]]:Warning:&gt;&#xD;
	1 parsed to 1 (System.Int32)&#xD;
Eliassen.System.Internal.ConsoleLogger`1[Eliassen.System.Linq.Search.SortBuilder`1[Eliassen.System.Tests.Linq.TestTargets.TestTargetModel]]:Warning:&gt;&#xD;
	Force sort by 0 applied for Eliassen.System.Tests.Linq.TestTargets.TestTargetModel</StdErr>
      </Output>
      <ResultFiles>
        <ResultFile path="LW-18560\EnumerableQuery_1-QueryableExtensionsTests_ExecuteByTestFilter(123)-638315398087518159.json" />
        <ResultFile path="LW-18560\PagedQueryResult_1-QueryableExtensionsTests_ExecuteByTestFilter(125)-638315398087844563.json" />
        <ResultFile path="LW-18560\SearchQuery-QueryableExtensionsTests_ExecuteByTestFilter(121)-638315398087458168.json" />
      </ResultFiles>
    </UnitTestResult>
    <UnitTestResult executionId="05902bbc-0970-4b8b-8c92-1bd0f323e121" testId="ef130cd9-fcd3-6cbd-3d5e-f85362a52d72" testName="VisitTest_EndsWith (Hello,lO,True)" computerName="LW-18560" duration="00:00:00.0013834" startTime="2023-09-28T23:16:51.8724114-04:00" endTime="2023-09-28T23:16:51.8751700-04:00" testType="13cdc9d9-ddb5-4fa4-a97d-d965ccfc6d4b" outcome="Passed" testListId="8c84fa94-04c1-424b-9868-57a2d4851a1d" relativeResultsDirectory="05902bbc-0970-4b8b-8c92-1bd0f323e121">
      <Output>
        <StdOut>Eliassen.System.Internal.ConsoleLogger`1[Eliassen.System.Linq.Expressions.StringComparisonReplacementExpressionVisitor]:Debug:&gt;&#xD;
	Replace: e.EndsWith(value(Eliassen.System.Tests.Linq.Expressions.StringComparisonReplacementExpressionVisitorTests+&lt;&gt;c__DisplayClass8_0).matched) with e.EndsWith(value(Eliassen.System.Tests.Linq.Expressions.StringComparisonReplacementExpressionVisitorTests+&lt;&gt;c__DisplayClass8_0).matched, CurrentCultureIgnoreCase)&#xD;
&#xD;
&#xD;
&#xD;
TestContext Messages:&#xD;
expression: e =&gt; e.EndsWith(value(Eliassen.System.Tests.Linq.Expressions.StringComparisonReplacementExpressionVisitorTests+&lt;&gt;c__DisplayClass8_0).matched)&#xD;
visited: e =&gt; e.EndsWith(value(Eliassen.System.Tests.Linq.Expressions.StringComparisonReplacementExpressionVisitorTests+&lt;&gt;c__DisplayClass8_0).matched, CurrentCultureIgnoreCase)</StdOut>
      </Output>
    </UnitTestResult>
    <UnitTestResult executionId="e20357ee-0ffa-46f2-b21c-96ab4c306bcc" testId="3dc461cc-f900-b7f4-a669-e9cf3ad5e21f" testName="GetResourceFromXmlAsyncTest" computerName="LW-18560" duration="00:00:00.0930748" startTime="2023-09-28T23:16:52.4001414-04:00" endTime="2023-09-28T23:16:52.4936435-04:00" testType="13cdc9d9-ddb5-4fa4-a97d-d965ccfc6d4b" outcome="Passed" testListId="8c84fa94-04c1-424b-9868-57a2d4851a1d" relativeResultsDirectory="e20357ee-0ffa-46f2-b21c-96ab4c306bcc" />
    <UnitTestResult executionId="dc0435bf-623f-4f81-85a6-7e3ac22bea75" testId="c07bd30b-1999-489c-e66f-17f7d59077a7" testName="SerializeTest_Nullable" computerName="LW-18560" duration="00:00:00.0141729" startTime="2023-09-28T23:16:52.6886409-04:00" endTime="2023-09-28T23:16:52.7032679-04:00" testType="13cdc9d9-ddb5-4fa4-a97d-d965ccfc6d4b" outcome="Passed" testListId="8c84fa94-04c1-424b-9868-57a2d4851a1d" relativeResultsDirectory="dc0435bf-623f-4f81-85a6-7e3ac22bea75">
      <Output>
        <StdOut>TestContext Messages:&#xD;
result-BsonDateConverterTests_SerializeTest_Nullable(26)-638315398126906834.json: Attached&#xD;
2023-09-28T23:16:52.6902952-04:00</StdOut>
      </Output>
      <ResultFiles>
        <ResultFile path="LW-18560\result-BsonDateConverterTests_SerializeTest_Nullable(26)-638315398126906834.json" />
      </ResultFiles>
    </UnitTestResult>
    <UnitTestResult executionId="24cd3713-f72b-406b-b664-f6fe945ea251" testId="b6498f29-1231-5fcf-4954-1746daa0500d" testName="ExecuteByTest_Filter (Eliassen.System.Tests.Linq.TestTargets.TestTargetModel,Index,GreaterThan,995,4,996,997,998,999)" computerName="LW-18560" duration="00:00:00.1074092" startTime="2023-09-28T23:16:45.6334967-04:00" endTime="2023-09-28T23:16:50.4977563-04:00" testType="13cdc9d9-ddb5-4fa4-a97d-d965ccfc6d4b" outcome="Passed" testListId="8c84fa94-04c1-424b-9868-57a2d4851a1d" relativeResultsDirectory="24cd3713-f72b-406b-b664-f6fe945ea251">
      <Output>
        <StdOut>Eliassen.System.Internal.ConsoleLogger`1[Eliassen.System.Linq.Search.QueryBuilder]:Information:&gt;&#xD;
	Build query for CurrentPage: 0&#xD;
PageSize: 0&#xD;
ExcludePageCount: False&#xD;
SearchTerm: (null)&#xD;
	F:Index: GreaterThan: 995&#xD;
&#xD;
Eliassen.System.Internal.ConsoleLogger`1[Eliassen.System.Linq.Search.QueryBuilder]:Information:&gt;&#xD;
	Execute (paged): System.Linq.Enumerable+SelectRangeIterator`1[Eliassen.System.Tests.Linq.TestTargets.TestTargetModel].Where(n =&gt; (n.Index &gt; 995)).OrderBy(_ =&gt; 0).Skip(0).Take(10)&#xD;
&#xD;
&#xD;
&#xD;
TestContext Messages:&#xD;
SearchQuery-QueryableExtensionsTests_ExecuteByTestFilter(121)-638315398078724345.json: Attached&#xD;
EnumerableQuery_1-QueryableExtensionsTests_ExecuteByTestFilter(123)-638315398079045588.json: Attached&#xD;
PagedQueryResult_1-QueryableExtensionsTests_ExecuteByTestFilter(125)-638315398079563989.json: Attached&#xD;
resultKeys: 996,997,998,999</StdOut>
        <StdErr>Eliassen.System.Internal.ConsoleLogger`1[Eliassen.System.Linq.Expressions.ExpressionTreeBuilder`1[Eliassen.System.Tests.Linq.TestTargets.TestTargetModel]]:Warning:&gt;&#xD;
	995 parsed to 995 (System.Int32)&#xD;
Eliassen.System.Internal.ConsoleLogger`1[Eliassen.System.Linq.Search.SortBuilder`1[Eliassen.System.Tests.Linq.TestTargets.TestTargetModel]]:Warning:&gt;&#xD;
	Force sort by 0 applied for Eliassen.System.Tests.Linq.TestTargets.TestTargetModel</StdErr>
      </Output>
      <ResultFiles>
        <ResultFile path="LW-18560\EnumerableQuery_1-QueryableExtensionsTests_ExecuteByTestFilter(123)-638315398079045588.json" />
        <ResultFile path="LW-18560\PagedQueryResult_1-QueryableExtensionsTests_ExecuteByTestFilter(125)-638315398079563989.json" />
        <ResultFile path="LW-18560\SearchQuery-QueryableExtensionsTests_ExecuteByTestFilter(121)-638315398078724345.json" />
      </ResultFiles>
    </UnitTestResult>
    <UnitTestResult executionId="10280842-79f2-4068-a2db-29b3e0a88be1" testId="b6498f29-1231-5fcf-4954-1746daa0500d" testName="ExecuteByTest_Filter (Eliassen.System.Tests.Linq.TestTargets.TestTargetModel,Name,EqualTo,Name1*,10,1,10,11,12,13,14,15,16,17,18)" computerName="LW-18560" duration="00:00:00.0870303" startTime="2023-09-28T23:16:45.6334967-04:00" endTime="2023-09-28T23:16:50.4977563-04:00" testType="13cdc9d9-ddb5-4fa4-a97d-d965ccfc6d4b" outcome="Passed" testListId="8c84fa94-04c1-424b-9868-57a2d4851a1d" relativeResultsDirectory="10280842-79f2-4068-a2db-29b3e0a88be1">
      <Output>
        <StdOut>Eliassen.System.Internal.ConsoleLogger`1[Eliassen.System.Linq.Search.QueryBuilder]:Information:&gt;&#xD;
	Build query for CurrentPage: 0&#xD;
PageSize: 0&#xD;
ExcludePageCount: False&#xD;
SearchTerm: (null)&#xD;
	F:Name: EqualTo: Name1*&#xD;
&#xD;
Eliassen.System.Internal.ConsoleLogger`1[Eliassen.System.Linq.Search.QueryBuilder]:Information:&gt;&#xD;
	Execute (paged): System.Linq.Enumerable+SelectRangeIterator`1[Eliassen.System.Tests.Linq.TestTargets.TestTargetModel].Where(n =&gt; n.Name.StartsWith("Name1")).OrderBy(_ =&gt; 0).Skip(0).Take(10)&#xD;
&#xD;
&#xD;
&#xD;
TestContext Messages:&#xD;
SearchQuery-QueryableExtensionsTests_ExecuteByTestFilter(121)-638315398084411979.json: Attached&#xD;
EnumerableQuery_1-QueryableExtensionsTests_ExecuteByTestFilter(123)-638315398084541500.json: Attached&#xD;
PagedQueryResult_1-QueryableExtensionsTests_ExecuteByTestFilter(125)-638315398085088732.json: Attached&#xD;
resultKeys: 1,10,11,12,13,14,15,16,17,18</StdOut>
        <StdErr>Eliassen.System.Internal.ConsoleLogger`1[Eliassen.System.Linq.Search.SortBuilder`1[Eliassen.System.Tests.Linq.TestTargets.TestTargetModel]]:Warning:&gt;&#xD;
	Force sort by 0 applied for Eliassen.System.Tests.Linq.TestTargets.TestTargetModel</StdErr>
      </Output>
      <ResultFiles>
        <ResultFile path="LW-18560\EnumerableQuery_1-QueryableExtensionsTests_ExecuteByTestFilter(123)-638315398084541500.json" />
        <ResultFile path="LW-18560\PagedQueryResult_1-QueryableExtensionsTests_ExecuteByTestFilter(125)-638315398085088732.json" />
        <ResultFile path="LW-18560\SearchQuery-QueryableExtensionsTests_ExecuteByTestFilter(121)-638315398084411979.json" />
      </ResultFiles>
    </UnitTestResult>
    <UnitTestResult executionId="8805a6e5-420c-40b4-9b17-88d8298e556a" testId="2f56b32e-ea97-c552-8dea-074dcb4e0dc0" testName="MakeSafeArrayTest (System.Decimal,System.Object[],System.Decimal[])" computerName="LW-18560" duration="00:00:00.0007029" startTime="2023-09-28T23:16:52.1658728-04:00" endTime="2023-09-28T23:16:52.1781400-04:00" testType="13cdc9d9-ddb5-4fa4-a97d-d965ccfc6d4b" outcome="Passed" testListId="8c84fa94-04c1-424b-9868-57a2d4851a1d" relativeResultsDirectory="8805a6e5-420c-40b4-9b17-88d8298e556a" />
    <UnitTestResult executionId="6ea41822-f4af-4af2-88ba-61c41546f96a" testId="e350703c-47df-56f0-b995-a52c38b53eca" testName="MakeSafeTest (System.TimeSpan,16:00,16:00:00)" computerName="LW-18560" duration="00:00:00.0026521" startTime="2023-09-28T23:16:52.1839307-04:00" endTime="2023-09-28T23:16:52.2245807-04:00" testType="13cdc9d9-ddb5-4fa4-a97d-d965ccfc6d4b" outcome="Passed" testListId="8c84fa94-04c1-424b-9868-57a2d4851a1d" relativeResultsDirectory="6ea41822-f4af-4af2-88ba-61c41546f96a" />
    <UnitTestResult executionId="aa07135e-a6eb-4f9a-9680-bbe84a65b91a" testId="67b6a854-1fe4-5528-77d6-501bd90b9a20" testName="GetShortTypeNameTests (Eliassen.System.Tests.Reflection.ReflectionExtensionsTests,Eliassen.System.Tests.Reflection.ReflectionExtensionsTests, Eliassen.System.Tests)" computerName="LW-18560" duration="00:00:00.0028883" startTime="2023-09-28T23:16:52.1552304-04:00" endTime="2023-09-28T23:16:52.1621316-04:00" testType="13cdc9d9-ddb5-4fa4-a97d-d965ccfc6d4b" outcome="Passed" testListId="8c84fa94-04c1-424b-9868-57a2d4851a1d" relativeResultsDirectory="aa07135e-a6eb-4f9a-9680-bbe84a65b91a" />
    <UnitTestResult executionId="347c882e-84f4-4c7b-9b85-f9c8c51c1095" testId="e2c6ee1f-e08e-fbdc-9835-4e616dec7d9c" testName="ToEnumTest (Val2 , Val1,Val1, Val2)" computerName="LW-18560" duration="00:00:00.0000464" startTime="2023-09-28T23:16:52.0742345-04:00" endTime="2023-09-28T23:16:52.0749468-04:00" testType="13cdc9d9-ddb5-4fa4-a97d-d965ccfc6d4b" outcome="Passed" testListId="8c84fa94-04c1-424b-9868-57a2d4851a1d" relativeResultsDirectory="347c882e-84f4-4c7b-9b85-f9c8c51c1095" />
    <UnitTestResult executionId="8a9ae8b7-647e-41d7-bd8c-f6bc5febf119" testId="7fd160bc-3b5b-e6e2-40ae-1974536260f2" testName="TryParseTest (System.Nullable`1[System.Double],1,True,1)" computerName="LW-18560" duration="00:00:00.0000594" startTime="2023-09-28T23:16:52.2636534-04:00" endTime="2023-09-28T23:16:52.2868739-04:00" testType="13cdc9d9-ddb5-4fa4-a97d-d965ccfc6d4b" outcome="Passed" testListId="8c84fa94-04c1-424b-9868-57a2d4851a1d" relativeResultsDirectory="8a9ae8b7-647e-41d7-bd8c-f6bc5febf119" />
[...]
    <TestEntry testId="8ef63a3f-2208-ac88-5a22-493d4beeaeda" executionId="3a15e68e-2c16-4c79-b270-681143dae37f" testListId="8c84fa94-04c1-424b-9868-57a2d4851a1d" />
    <TestEntry testId="9b4e807d-ed3f-f58f-992b-9cf5f5a81ca7" executionId="81c9a6c2-0f0c-41f4-865f-ce28024385b1" testListId="8c84fa94-04c1-424b-9868-57a2d4851a1d" />
    <TestEntry testId="8aec3498-0c1a-9091-2458-51d1c67933bf" executionId="2b4e203e-ef01-45f1-98c8-ab7e3757fdc7" testListId="8c84fa94-04c1-424b-9868-57a2d4851a1d" />
    <TestEntry testId="e350703c-47df-56f0-b995-a52c38b53eca" executionId="1c2109f8-7bea-4cb2-95cc-4553cd03e44e" testListId="8c84fa94-04c1-424b-9868-57a2d4851a1d" />
    <TestEntry testId="b6498f29-1231-5fcf-4954-1746daa0500d" executionId="726a3c9b-1408-4a7e-8da1-fedf9fc02f09" testListId="8c84fa94-04c1-424b-9868-57a2d4851a1d" />
    <TestEntry testId="4173abf6-6eee-31f5-7205-ad46c7104d49" executionId="4c6ac92d-7069-4878-98ec-d567eb21ebf0" testListId="8c84fa94-04c1-424b-9868-57a2d4851a1d" />
    <TestEntry testId="574d1c3a-376c-cab6-e298-6b6d6e6628d3" executionId="3100c4f8-e6db-4baf-b629-c520325ff8cc" testListId="8c84fa94-04c1-424b-9868-57a2d4851a1d" />
    <TestEntry testId="b6498f29-1231-5fcf-4954-1746daa0500d" executionId="cf50a2ca-370f-4c1a-8584-31f29b80f0bf" testListId="8c84fa94-04c1-424b-9868-57a2d4851a1d" />
    <TestEntry testId="de980556-11bb-d6e9-c03a-e5592a3218d5" executionId="da48edcf-0cf5-4ca5-8d87-317c2ca6fe88" testListId="8c84fa94-04c1-424b-9868-57a2d4851a1d" />
    <TestEntry testId="65e272d8-aa3d-4fbf-ef8f-fb9ca48a217b" executionId="b2f87279-1b27-4175-9d72-749943219fb9" testListId="8c84fa94-04c1-424b-9868-57a2d4851a1d" />
    <TestEntry testId="b6498f29-1231-5fcf-4954-1746daa0500d" executionId="52554c0b-7b4f-4e15-8073-e410f86496e4" testListId="8c84fa94-04c1-424b-9868-57a2d4851a1d" />
    <TestEntry testId="e350703c-47df-56f0-b995-a52c38b53eca" executionId="25bac686-1c40-4bb7-875f-63e34b637d43" testListId="8c84fa94-04c1-424b-9868-57a2d4851a1d" />
    <TestEntry testId="7ab54727-ffaa-5e4a-ef48-e7910312bbed" executionId="971bae9a-1d48-4133-9bfa-440aa1b1360f" testListId="8c84fa94-04c1-424b-9868-57a2d4851a1d" />
    <TestEntry testId="7fd160bc-3b5b-e6e2-40ae-1974536260f2" executionId="27d7b499-b6e1-47f9-9893-74fd5504e179" testListId="8c84fa94-04c1-424b-9868-57a2d4851a1d" />
    <TestEntry testId="b3ae80bf-1132-2f6b-1724-cfefeb1370e1" executionId="e1a0e536-dd3a-4561-b334-b9db50205f6b" testListId="8c84fa94-04c1-424b-9868-57a2d4851a1d" />
    <TestEntry testId="f5197edd-d0ef-4a92-f867-bf3ce57f244b" executionId="c007c388-faa9-458c-a8a9-021fa61cf8fa" testListId="8c84fa94-04c1-424b-9868-57a2d4851a1d" />
    <TestEntry testId="cc59dd07-b7ed-0c48-8ce2-e71461ad2ad6" executionId="1d553418-d827-4ed1-abca-f41612f5c94b" testListId="8c84fa94-04c1-424b-9868-57a2d4851a1d" />
    <TestEntry testId="e350703c-47df-56f0-b995-a52c38b53eca" executionId="8c729c56-6629-455d-8cde-9c50b11fac53" testListId="8c84fa94-04c1-424b-9868-57a2d4851a1d" />
    <TestEntry testId="e350703c-47df-56f0-b995-a52c38b53eca" executionId="022ca5dd-614c-474d-b128-fd2289a9fbd9" testListId="8c84fa94-04c1-424b-9868-57a2d4851a1d" />
    <TestEntry testId="b6498f29-1231-5fcf-4954-1746daa0500d" executionId="baa1a850-b6f8-4fb5-ab8d-8212b8b1836c" testListId="8c84fa94-04c1-424b-9868-57a2d4851a1d" />
    <TestEntry testId="e350703c-47df-56f0-b995-a52c38b53eca" executionId="8395c3bb-88a9-463b-b892-0a56ca05b1e0" testListId="8c84fa94-04c1-424b-9868-57a2d4851a1d" />
    <TestEntry testId="37c1a70c-f4a5-ed8d-5b4c-26c0b3e51803" executionId="45d75998-09c2-4d15-af62-40916c86af5a" testListId="8c84fa94-04c1-424b-9868-57a2d4851a1d" />
    <TestEntry testId="b5b73f46-926e-b166-c509-00a2b6834bdd" executionId="03de5810-0c27-4e46-b5d9-b2cbec4d3908" testListId="8c84fa94-04c1-424b-9868-57a2d4851a1d" />
    <TestEntry testId="229af554-d2ce-adf0-ac16-208cd1c4d601" executionId="f01d9b5f-dd5b-499b-8963-8e0372cc2b55" testListId="8c84fa94-04c1-424b-9868-57a2d4851a1d" />
    <TestEntry testId="b6498f29-1231-5fcf-4954-1746daa0500d" executionId="f114ad04-0ab2-44ee-83a2-2a0fc4d0d63d" testListId="8c84fa94-04c1-424b-9868-57a2d4851a1d" />
    <TestEntry testId="b6498f29-1231-5fcf-4954-1746daa0500d" executionId="70344938-0581-4e16-bd45-16f1bb6af453" testListId="8c84fa94-04c1-424b-9868-57a2d4851a1d" />
    <TestEntry testId="e350703c-47df-56f0-b995-a52c38b53eca" executionId="d264de96-37a7-458a-b6dc-ef8f686b673e" testListId="8c84fa94-04c1-424b-9868-57a2d4851a1d" />
    <TestEntry testId="b6498f29-1231-5fcf-4954-1746daa0500d" executionId="7bbf85c1-9fcd-4a30-a253-644f8f2e0851" testListId="8c84fa94-04c1-424b-9868-57a2d4851a1d" />
    <TestEntry testId="b6498f29-1231-5fcf-4954-1746daa0500d" executionId="fcd9ace2-09ee-40fc-89c3-dca415cef140" testListId="8c84fa94-04c1-424b-9868-57a2d4851a1d" />
    <TestEntry testId="e350703c-47df-56f0-b995-a52c38b53eca" executionId="ef841cf1-0e73-44f5-83dc-994991f0b6cd" testListId="8c84fa94-04c1-424b-9868-57a2d4851a1d" />
    <TestEntry testId="b6498f29-1231-5fcf-4954-1746daa0500d" executionId="031d4b96-f36d-45dc-a744-37b10cb21994" testListId="8c84fa94-04c1-424b-9868-57a2d4851a1d" />
    <TestEntry testId="33d0fc48-d317-a11f-5aba-5a22a3659a68" executionId="5d32a5c6-458a-4b5e-ba2f-27bc71b4d572" testListId="8c84fa94-04c1-424b-9868-57a2d4851a1d" />
    <TestEntry testId="7fd160bc-3b5b-e6e2-40ae-1974536260f2" executionId="c075517e-9796-4677-bd1a-8552b091ce27" testListId="8c84fa94-04c1-424b-9868-57a2d4851a1d" />
    <TestEntry testId="b6498f29-1231-5fcf-4954-1746daa0500d" executionId="3ea67a30-8b21-4eee-9636-48f7a603821f" testListId="8c84fa94-04c1-424b-9868-57a2d4851a1d" />
    <TestEntry testId="f5306a38-7e9d-ad71-73c6-1c694342dc21" executionId="ae3b19a4-8604-48c8-ad52-afea46a6b02f" testListId="8c84fa94-04c1-424b-9868-57a2d4851a1d" />
    <TestEntry testId="e498b849-10db-ce48-d748-8f0db54c7b7b" executionId="827900f2-741f-414d-957d-b046ae701a33" testListId="8c84fa94-04c1-424b-9868-57a2d4851a1d" />
    <TestEntry testId="07a7a327-67a2-b280-2fa0-04f8167fd844" executionId="c11601ae-b71c-4703-bb35-bea0717d6bd1" testListId="8c84fa94-04c1-424b-9868-57a2d4851a1d" />
    <TestEntry testId="94603f64-5739-e688-dcfd-6687308b4a9a" executionId="229352cb-0b93-4877-bf63-a138be50d539" testListId="8c84fa94-04c1-424b-9868-57a2d4851a1d" />
    <TestEntry testId="8dab1de3-735f-cc36-974f-4fcc447d693a" executionId="08c0ea0d-aad7-496e-a9bd-d31e7cc9a4e5" testListId="8c84fa94-04c1-424b-9868-57a2d4851a1d" />
    <TestEntry testId="ed2eb3a8-9a8f-8428-0d0a-7e6a2f6200e2" executionId="de6be8df-fdea-4e18-8d0a-9ef0ac6e5082" testListId="8c84fa94-04c1-424b-9868-57a2d4851a1d" />
    <TestEntry testId="e350703c-47df-56f0-b995-a52c38b53eca" executionId="f6e28b28-8514-4db8-860f-ddfca4be9d6f" testListId="8c84fa94-04c1-424b-9868-57a2d4851a1d" />
    <TestEntry testId="6e6b50bb-e15d-9947-f68c-994b4e368f58" executionId="bd27419e-34dd-4945-b092-226fdccf19be" testListId="8c84fa94-04c1-424b-9868-57a2d4851a1d" />
    <TestEntry testId="b6498f29-1231-5fcf-4954-1746daa0500d" executionId="c55f5d4c-98b0-4cd3-8fde-f6993c6c563c" testListId="8c84fa94-04c1-424b-9868-57a2d4851a1d" />
    <TestEntry testId="b6498f29-1231-5fcf-4954-1746daa0500d" executionId="c501f908-a259-4806-bc0c-a6425e4488ec" testListId="8c84fa94-04c1-424b-9868-57a2d4851a1d" />
    <TestEntry testId="e350703c-47df-56f0-b995-a52c38b53eca" executionId="544973bb-219b-4971-99ea-84c831466465" testListId="8c84fa94-04c1-424b-9868-57a2d4851a1d" />
    <TestEntry testId="f90f5d2f-9a6e-b4bc-022c-ce37e3e49a29" executionId="63803c5c-14cb-4013-996e-784b1dd9cf7a" testListId="8c84fa94-04c1-424b-9868-57a2d4851a1d" />
    <TestEntry testId="c32d9ec7-cf3f-0b90-7da7-80e3553b5fe6" executionId="c2f191bb-15cd-42ec-9aae-0bbc9a3e955a" testListId="8c84fa94-04c1-424b-9868-57a2d4851a1d" />
    <TestEntry testId="8da0fbaf-acd6-9154-0805-f306ce39ad46" executionId="447915cf-8407-4f21-9bd6-55be3e559ec2" testListId="8c84fa94-04c1-424b-9868-57a2d4851a1d" />
    <TestEntry testId="e350703c-47df-56f0-b995-a52c38b53eca" executionId="afa3bdbe-9fb8-4210-bbda-7894c2f22ab1" testListId="8c84fa94-04c1-424b-9868-57a2d4851a1d" />
    <TestEntry testId="b08bb3d7-5d34-672a-c457-8e6d2e3c115a" executionId="2925a1ac-a99e-45a2-a4fd-98e178b828f7" testListId="8c84fa94-04c1-424b-9868-57a2d4851a1d" />
    <TestEntry testId="09f85366-159b-5dce-cdaa-bbbd3e98347c" executionId="9b90ef99-6480-4df5-9f02-49a5d42d4119" testListId="8c84fa94-04c1-424b-9868-57a2d4851a1d" />
    <TestEntry testId="79594eae-82c5-8868-ff27-66d8213d57a5" executionId="ae7cece6-761e-4aff-a447-e1c4b964c5aa" testListId="8c84fa94-04c1-424b-9868-57a2d4851a1d" />
    <TestEntry testId="419ef0dc-c4eb-bdc4-db64-68fe0fa43397" executionId="57151bb7-577f-459e-b3d3-e8ebe1b86dc0" testListId="8c84fa94-04c1-424b-9868-57a2d4851a1d" />
    <TestEntry testId="9576cb6d-ffa5-4a23-9c7a-c5c6b213d46b" executionId="b5d19daa-9beb-4334-beb5-e30800540d66" testListId="8c84fa94-04c1-424b-9868-57a2d4851a1d" />
    <TestEntry testId="cc0546c7-1329-1cac-c119-b7e8dee57c88" executionId="af59609f-6499-459b-8b69-ff25f1c6e526" testListId="8c84fa94-04c1-424b-9868-57a2d4851a1d" />
    <TestEntry testId="35da343a-5826-ac4c-688a-c2bbf7572a30" executionId="7e076878-5b2d-418c-a9d3-bc27f1804656" testListId="8c84fa94-04c1-424b-9868-57a2d4851a1d" />
    <TestEntry testId="ff5e63bc-e265-cd61-62ff-c43bc25f73c7" executionId="1caf117d-4ed5-4994-9967-9ae71dbc567d" testListId="8c84fa94-04c1-424b-9868-57a2d4851a1d" />
    <TestEntry testId="5745a05f-6078-14a6-d124-e23b5e51504a" executionId="47d2e83b-ff75-46fc-af3f-2cf7d7fe9eaa" testListId="8c84fa94-04c1-424b-9868-57a2d4851a1d" />
    <TestEntry testId="e350703c-47df-56f0-b995-a52c38b53eca" executionId="fd4cf47c-9256-45ec-b866-33844e5bcfd2" testListId="8c84fa94-04c1-424b-9868-57a2d4851a1d" />
    <TestEntry testId="8c5dd4cc-5466-254a-f980-babcc7138b14" executionId="f6f051e4-5b10-4f8d-b522-b379375fe942" testListId="8c84fa94-04c1-424b-9868-57a2d4851a1d" />
    <TestEntry testId="7cdd2ae3-f105-0db6-4f1d-4db0ed6728a3" executionId="38f4b7f0-8c65-42ca-bbcf-a57eb09f2900" testListId="8c84fa94-04c1-424b-9868-57a2d4851a1d" />
    <TestEntry testId="e350703c-47df-56f0-b995-a52c38b53eca" executionId="a1801192-5e9f-41f8-bee0-6ee07e24f24a" testListId="8c84fa94-04c1-424b-9868-57a2d4851a1d" />
    <TestEntry testId="f5306a38-7e9d-ad71-73c6-1c694342dc21" executionId="04974b9f-e393-4257-a11a-2d5cc68268ca" testListId="8c84fa94-04c1-424b-9868-57a2d4851a1d" />
    <TestEntry testId="b6498f29-1231-5fcf-4954-1746daa0500d" executionId="d9bce1cb-b9c4-4290-924e-c9c53abee876" testListId="8c84fa94-04c1-424b-9868-57a2d4851a1d" />
    <TestEntry testId="b4c47767-5870-8ecb-8f73-4513bf3ab993" executionId="1aceacea-b065-41b4-8542-f6f40e6cae44" testListId="8c84fa94-04c1-424b-9868-57a2d4851a1d" />
    <TestEntry testId="f155f6c0-fb32-2108-c6a4-e7372ec029e0" executionId="afa7a0a7-9696-4b62-927a-216692062b54" testListId="8c84fa94-04c1-424b-9868-57a2d4851a1d" />
    <TestEntry testId="48ed8779-80f1-56a2-6e59-32b682b76d36" executionId="d93bba72-3484-405e-ba95-f7aa45a341d1" testListId="8c84fa94-04c1-424b-9868-57a2d4851a1d" />
    <TestEntry testId="67b6a854-1fe4-5528-77d6-501bd90b9a20" executionId="d6603f53-414c-469b-9b22-fb88a0a03c5b" testListId="8c84fa94-04c1-424b-9868-57a2d4851a1d" />
    <TestEntry testId="e350703c-47df-56f0-b995-a52c38b53eca" executionId="3430eb2d-51ee-4518-a48d-f2605b171236" testListId="8c84fa94-04c1-424b-9868-57a2d4851a1d" />
    <TestEntry testId="3da7e5a6-9ecd-4155-2d2b-bd809533bab0" executionId="52f8669f-fdd4-4f59-9d7b-e702d90e2d78" testListId="8c84fa94-04c1-424b-9868-57a2d4851a1d" />
    <TestEntry testId="6cc20714-42d5-4095-4855-f0359aa8ddcb" executionId="4029fe46-4e7a-42e2-bc23-ae8646005b95" testListId="8c84fa94-04c1-424b-9868-57a2d4851a1d" />
    <TestEntry testId="e350703c-47df-56f0-b995-a52c38b53eca" executionId="413809db-fce2-4390-b0e7-3222f9277c4c" testListId="8c84fa94-04c1-424b-9868-57a2d4851a1d" />
    <TestEntry testId="002081e5-457a-cb3a-fcfa-a07fcccc9fb3" executionId="dc69f9e4-1163-4736-8740-47d1b8d80596" testListId="8c84fa94-04c1-424b-9868-57a2d4851a1d" />
    <TestEntry testId="5bb4fd62-5d31-f92e-3aec-4b3c222ba16c" executionId="c380eed2-ba13-463d-b495-9866cf9dc369" testListId="8c84fa94-04c1-424b-9868-57a2d4851a1d" />
    <TestEntry testId="fb038f83-1c65-fe22-644b-40b63f6a9b5c" executionId="d00b4060-cd39-4282-933a-0a1f4c2ef500" testListId="8c84fa94-04c1-424b-9868-57a2d4851a1d" />
    <TestEntry testId="0cc4eb6e-1272-c5ec-9f29-47d8f418e2d9" executionId="860ba6c5-d650-49c5-8f3a-3ca60b9cc339" testListId="8c84fa94-04c1-424b-9868-57a2d4851a1d" />
    <TestEntry testId="f5306a38-7e9d-ad71-73c6-1c694342dc21" executionId="c8594f39-c37f-43fd-9189-923543c29e1a" testListId="8c84fa94-04c1-424b-9868-57a2d4851a1d" />
    <TestEntry testId="7fd160bc-3b5b-e6e2-40ae-1974536260f2" executionId="1e2517bb-00f9-428c-8cb4-2ef97a288fd3" testListId="8c84fa94-04c1-424b-9868-57a2d4851a1d" />
    <TestEntry testId="9519dfdc-dbb6-dbe3-6b41-92c4f7f3c9f9" executionId="e3d75855-98a6-4836-ba87-84dfe730e9c6" testListId="8c84fa94-04c1-424b-9868-57a2d4851a1d" />
    <TestEntry testId="e350703c-47df-56f0-b995-a52c38b53eca" executionId="24ad6436-50a7-429e-8c69-09eb49644348" testListId="8c84fa94-04c1-424b-9868-57a2d4851a1d" />
    <TestEntry testId="e350703c-47df-56f0-b995-a52c38b53eca" executionId="3a07a01c-b1ef-4320-8d3a-e02cbecaf2d4" testListId="8c84fa94-04c1-424b-9868-57a2d4851a1d" />
    <TestEntry testId="65b4a990-8424-f23f-9b61-155855edf172" executionId="a1b01fb3-a409-419c-86e5-a987bbcae237" testListId="8c84fa94-04c1-424b-9868-57a2d4851a1d" />
    <TestEntry testId="e350703c-47df-56f0-b995-a52c38b53eca" executionId="6b31fa6d-65e4-4119-bb63-9f27f7657c5f" testListId="8c84fa94-04c1-424b-9868-57a2d4851a1d" />
    <TestEntry testId="2f56b32e-ea97-c552-8dea-074dcb4e0dc0" executionId="0ae3200a-cb99-4889-acc4-d69f03ce0ad3" testListId="8c84fa94-04c1-424b-9868-57a2d4851a1d" />
    <TestEntry testId="3d8758fd-c7fc-6203-735e-a5e0ad664994" executionId="0127ecfe-d336-40b2-8d82-b76ba06c88a3" testListId="8c84fa94-04c1-424b-9868-57a2d4851a1d" />
    <TestEntry testId="7fd160bc-3b5b-e6e2-40ae-1974536260f2" executionId="3e49da73-e9f2-4664-8034-109d5464b01a" testListId="8c84fa94-04c1-424b-9868-57a2d4851a1d" />
    <TestEntry testId="b6498f29-1231-5fcf-4954-1746daa0500d" executionId="d692e7f4-2de4-433c-ac2f-1192c0a466a1" testListId="8c84fa94-04c1-424b-9868-57a2d4851a1d" />
    <TestEntry testId="b6498f29-1231-5fcf-4954-1746daa0500d" executionId="7321493c-688c-42a7-9ba9-624cf60baacb" testListId="8c84fa94-04c1-424b-9868-57a2d4851a1d" />
    <TestEntry testId="d1d4b925-a073-2286-7de7-05497c979951" executionId="6719f774-eeaa-4094-87dd-746d1b3fc816" testListId="8c84fa94-04c1-424b-9868-57a2d4851a1d" />
    <TestEntry testId="7a9a1822-3db2-a438-faf7-05813fd14fc1" executionId="68c6bbb0-4165-499d-99ec-8b920bff7885" testListId="8c84fa94-04c1-424b-9868-57a2d4851a1d" />
    <TestEntry testId="b6498f29-1231-5fcf-4954-1746daa0500d" executionId="f118414f-6b85-4acd-bc14-182129b5b48d" testListId="8c84fa94-04c1-424b-9868-57a2d4851a1d" />
    <TestEntry testId="838644d9-6365-e4a6-691a-5f9e9cba540d" executionId="d8bccd22-2656-43dd-ae10-cdf7b5f344f9" testListId="8c84fa94-04c1-424b-9868-57a2d4851a1d" />
    <TestEntry testId="83cb0395-740b-4b48-1b9a-9d0379b2c4b0" executionId="5cd1b970-1381-459c-bf38-3a80c811e63f" testListId="8c84fa94-04c1-424b-9868-57a2d4851a1d" />
    <TestEntry testId="7fd160bc-3b5b-e6e2-40ae-1974536260f2" executionId="5971f331-7560-4f09-8cbc-4afd0f56c4d7" testListId="8c84fa94-04c1-424b-9868-57a2d4851a1d" />
    <TestEntry testId="b6498f29-1231-5fcf-4954-1746daa0500d" executionId="d2af0ae4-1b1f-41ee-811e-b433d8f49e24" testListId="8c84fa94-04c1-424b-9868-57a2d4851a1d" />
    <TestEntry testId="b6498f29-1231-5fcf-4954-1746daa0500d" executionId="3dc51de1-b41a-42a3-87c2-22d0c7a4aede" testListId="8c84fa94-04c1-424b-9868-57a2d4851a1d" />
    <TestEntry testId="a29d2822-126a-1900-33c2-f20f68d10c99" executionId="933be46a-cdb0-4786-b3e5-5bc2baa590f9" testListId="8c84fa94-04c1-424b-9868-57a2d4851a1d" />
    <TestEntry testId="870b9428-08e8-f91f-14b9-7fcf33dc2d0f" executionId="9fa77026-9cfb-43c2-b730-e39bbc353bf9" testListId="8c84fa94-04c1-424b-9868-57a2d4851a1d" />
    <TestEntry testId="b14f6909-8be4-5d0a-1d4e-766cb1e4abd6" executionId="eb7a1b99-288e-4326-bde0-85b952a14e45" testListId="8c84fa94-04c1-424b-9868-57a2d4851a1d" />
    <TestEntry testId="f13dac4d-0e90-b077-3031-244f15b96c77" executionId="c9822f42-ad79-4415-8563-53e833c194d5" testListId="8c84fa94-04c1-424b-9868-57a2d4851a1d" />
    <TestEntry testId="7fd160bc-3b5b-e6e2-40ae-1974536260f2" executionId="13794521-0196-4e85-979f-07dbc4fa9bdd" testListId="8c84fa94-04c1-424b-9868-57a2d4851a1d" />
    <TestEntry testId="4756cbfe-51aa-abcc-147f-e97a51057db5" executionId="498e61ed-e364-4b08-ac5d-824e551c3110" testListId="8c84fa94-04c1-424b-9868-57a2d4851a1d" />
    <TestEntry testId="e350703c-47df-56f0-b995-a52c38b53eca" executionId="93943dfa-5eba-423d-b118-d5b7dc5bb8e4" testListId="8c84fa94-04c1-424b-9868-57a2d4851a1d" />
    <TestEntry testId="e350703c-47df-56f0-b995-a52c38b53eca" executionId="5410bc39-916f-47a5-9bd0-5f642bfd6f59" testListId="8c84fa94-04c1-424b-9868-57a2d4851a1d" />
    <TestEntry testId="9c016915-9649-a737-5d1d-30f1b46f0f52" executionId="f3424011-f225-4bdc-9723-cca536bc43d2" testListId="8c84fa94-04c1-424b-9868-57a2d4851a1d" />
    <TestEntry testId="f5306a38-7e9d-ad71-73c6-1c694342dc21" executionId="1a016274-bd49-47d5-9ae0-14aefc5eda8f" testListId="8c84fa94-04c1-424b-9868-57a2d4851a1d" />
    <TestEntry testId="63fad722-7037-7050-fa28-b32ff1a4ec2f" executionId="59c863b2-6228-41bb-8125-d66de4b68250" testListId="8c84fa94-04c1-424b-9868-57a2d4851a1d" />
    <TestEntry testId="b6498f29-1231-5fcf-4954-1746daa0500d" executionId="8641a9a6-e4a1-4fa5-a7c0-2ce20d1e4901" testListId="8c84fa94-04c1-424b-9868-57a2d4851a1d" />
    <TestEntry testId="e350703c-47df-56f0-b995-a52c38b53eca" executionId="6aa3b430-8085-4c07-97f1-cad391440e8b" testListId="8c84fa94-04c1-424b-9868-57a2d4851a1d" />
    <TestEntry testId="92d311d0-315a-2b67-a035-7b4e08a07dd8" executionId="9b1932df-b17e-4c68-827b-460d09819613" testListId="8c84fa94-04c1-424b-9868-57a2d4851a1d" />
    <TestEntry testId="b6498f29-1231-5fcf-4954-1746daa0500d" executionId="41773a2e-5595-4b76-b55a-2cc43241c69a" testListId="8c84fa94-04c1-424b-9868-57a2d4851a1d" />
    <TestEntry testId="f3383018-7bb0-86e7-cb57-311d72bf2f87" executionId="1fba1ed5-be75-4fe1-81f5-619d5a9b0455" testListId="8c84fa94-04c1-424b-9868-57a2d4851a1d" />
  </TestEntries>
  <TestLists>
    <TestList name="Results Not in a List" id="8c84fa94-04c1-424b-9868-57a2d4851a1d" />
    <TestList name="All Loaded Results" id="19431567-8539-422a-85d7-44ee4e166bda" />
  </TestLists>
  <ResultSummary outcome="Completed">
    <Counters total="201" executed="201" passed="201" failed="0" error="0" timeout="0" aborted="0" inconclusive="0" passedButRunAborted="0" notRunnable="0" notExecuted="0" disconnected="0" warning="0" completed="0" inProgress="0" pending="0" />
    <RunInfos>
      <RunInfo computerName="LW-18560" outcome="Warning" timestamp="2023-09-28T23:16:43.9034176-04:00">
        <Text>Data collection : Unable to find a datacollector with friendly name 'XPlat code coverage'.</Text>
      </RunInfo>
      <RunInfo computerName="LW-18560" outcome="Warning" timestamp="2023-09-28T23:16:43.9034176-04:00">
        <Text>Data collection : Could not find data collector 'XPlat code coverage'</Text>
      </RunInfo>
      <RunInfo computerName="LW-18560" outcome="Warning" timestamp="2023-09-28T23:16:44.0363935-04:00">
        <Text>Data collection : Unable to find a datacollector with friendly name 'XPlat code coverage'.</Text>
      </RunInfo>
      <RunInfo computerName="LW-18560" outcome="Warning" timestamp="2023-09-28T23:16:44.0363935-04:00">
        <Text>Data collection : Could not find data collector 'XPlat code coverage'</Text>
      </RunInfo>
    </RunInfos>
  </ResultSummary>
</TestRun>